/*C34195*/SET SCHEMA PUBLIC
CREATE TABLE IF NOT EXISTS PUBLIC.SERVERLOGS (\u000d\u000a  event_id  varchar(30) primary key,\u000d\u000a  event_duration DOUBLE,\u000d\u000a  type varchar(30),\u000d\u000a  host varchar(30),\u000d\u000a  alert varchar(6)\u000d\u000a  )
/*C34194*/SET SCHEMA PUBLIC
DISCONNECT
/*C34195*/DISCONNECT
/*C34197*/SET SCHEMA PUBLIC
CREATE TABLE IF NOT EXISTS PUBLIC.SERVERLOGS (\u000d\u000a  event_id  varchar(30) primary key,\u000d\u000a  event_duration DOUBLE,\u000d\u000a  type varchar(30),\u000d\u000a  host varchar(30),\u000d\u000a  alert varchar(6)\u000d\u000a  )
/*C34196*/SET SCHEMA PUBLIC
DISCONNECT
/*C34197*/DISCONNECT
/*C34193*/SET SCHEMA PUBLIC
DELETE FROM SERVERLOGS WHERE EVENT_ID='ccsmbstgr1'
DELETE FROM SERVERLOGS WHERE EVENT_ID='ccsmbstgr10'
DELETE FROM SERVERLOGS WHERE EVENT_ID='ccsmbstgr100'
DELETE FROM SERVERLOGS WHERE EVENT_ID='ccsmbstgr101'
DELETE FROM SERVERLOGS WHERE EVENT_ID='ccsmbstgr102'
DELETE FROM SERVERLOGS WHERE EVENT_ID='ccsmbstgr103'
DELETE FROM SERVERLOGS WHERE EVENT_ID='ccsmbstgr104'
DELETE FROM SERVERLOGS WHERE EVENT_ID='ccsmbstgr105'
DELETE FROM SERVERLOGS WHERE EVENT_ID='ccsmbstgr106'
DELETE FROM SERVERLOGS WHERE EVENT_ID='ccsmbstgr107'
DELETE FROM SERVERLOGS WHERE EVENT_ID='ccsmbstgr108'
DELETE FROM SERVERLOGS WHERE EVENT_ID='ccsmbstgr109'
DELETE FROM SERVERLOGS WHERE EVENT_ID='ccsmbstgr11'
DELETE FROM SERVERLOGS WHERE EVENT_ID='ccsmbstgr110'
DELETE FROM SERVERLOGS WHERE EVENT_ID='ccsmbstgr111'
DELETE FROM SERVERLOGS WHERE EVENT_ID='ccsmbstgr112'
DELETE FROM SERVERLOGS WHERE EVENT_ID='ccsmbstgr113'
DELETE FROM SERVERLOGS WHERE EVENT_ID='ccsmbstgr114'
DELETE FROM SERVERLOGS WHERE EVENT_ID='ccsmbstgr115'
DELETE FROM SERVERLOGS WHERE EVENT_ID='ccsmbstgr116'
DELETE FROM SERVERLOGS WHERE EVENT_ID='ccsmbstgr117'
DELETE FROM SERVERLOGS WHERE EVENT_ID='ccsmbstgr118'
DELETE FROM SERVERLOGS WHERE EVENT_ID='ccsmbstgr119'
DELETE FROM SERVERLOGS WHERE EVENT_ID='ccsmbstgr12'
DELETE FROM SERVERLOGS WHERE EVENT_ID='ccsmbstgr120'
DELETE FROM SERVERLOGS WHERE EVENT_ID='ccsmbstgr121'
DELETE FROM SERVERLOGS WHERE EVENT_ID='ccsmbstgr122'
DELETE FROM SERVERLOGS WHERE EVENT_ID='ccsmbstgr123'
DELETE FROM SERVERLOGS WHERE EVENT_ID='ccsmbstgr124'
DELETE FROM SERVERLOGS WHERE EVENT_ID='ccsmbstgr125'
DELETE FROM SERVERLOGS WHERE EVENT_ID='ccsmbstgr126'
DELETE FROM SERVERLOGS WHERE EVENT_ID='ccsmbstgr127'
DELETE FROM SERVERLOGS WHERE EVENT_ID='ccsmbstgr128'
DELETE FROM SERVERLOGS WHERE EVENT_ID='ccsmbstgr129'
DELETE FROM SERVERLOGS WHERE EVENT_ID='ccsmbstgr13'
DELETE FROM SERVERLOGS WHERE EVENT_ID='ccsmbstgr130'
DELETE FROM SERVERLOGS WHERE EVENT_ID='ccsmbstgr131'
DELETE FROM SERVERLOGS WHERE EVENT_ID='ccsmbstgr132'
DELETE FROM SERVERLOGS WHERE EVENT_ID='ccsmbstgr133'
DELETE FROM SERVERLOGS WHERE EVENT_ID='ccsmbstgr134'
DELETE FROM SERVERLOGS WHERE EVENT_ID='ccsmbstgr135'
DELETE FROM SERVERLOGS WHERE EVENT_ID='ccsmbstgr136'
DELETE FROM SERVERLOGS WHERE EVENT_ID='ccsmbstgr137'
DELETE FROM SERVERLOGS WHERE EVENT_ID='ccsmbstgr138'
DELETE FROM SERVERLOGS WHERE EVENT_ID='ccsmbstgr139'
DELETE FROM SERVERLOGS WHERE EVENT_ID='ccsmbstgr14'
DELETE FROM SERVERLOGS WHERE EVENT_ID='ccsmbstgr140'
DELETE FROM SERVERLOGS WHERE EVENT_ID='ccsmbstgr141'
DELETE FROM SERVERLOGS WHERE EVENT_ID='ccsmbstgr142'
DELETE FROM SERVERLOGS WHERE EVENT_ID='ccsmbstgr143'
DELETE FROM SERVERLOGS WHERE EVENT_ID='ccsmbstgr144'
DELETE FROM SERVERLOGS WHERE EVENT_ID='ccsmbstgr145'
DELETE FROM SERVERLOGS WHERE EVENT_ID='ccsmbstgr146'
DELETE FROM SERVERLOGS WHERE EVENT_ID='ccsmbstgr147'
DELETE FROM SERVERLOGS WHERE EVENT_ID='ccsmbstgr148'
DELETE FROM SERVERLOGS WHERE EVENT_ID='ccsmbstgr149'
DELETE FROM SERVERLOGS WHERE EVENT_ID='ccsmbstgr15'
DELETE FROM SERVERLOGS WHERE EVENT_ID='ccsmbstgr150'
DELETE FROM SERVERLOGS WHERE EVENT_ID='ccsmbstgr151'
DELETE FROM SERVERLOGS WHERE EVENT_ID='ccsmbstgr152'
DELETE FROM SERVERLOGS WHERE EVENT_ID='ccsmbstgr153'
DELETE FROM SERVERLOGS WHERE EVENT_ID='ccsmbstgr154'
DELETE FROM SERVERLOGS WHERE EVENT_ID='ccsmbstgr155'
DELETE FROM SERVERLOGS WHERE EVENT_ID='ccsmbstgr156'
DELETE FROM SERVERLOGS WHERE EVENT_ID='ccsmbstgr157'
DELETE FROM SERVERLOGS WHERE EVENT_ID='ccsmbstgr158'
DELETE FROM SERVERLOGS WHERE EVENT_ID='ccsmbstgr159'
DELETE FROM SERVERLOGS WHERE EVENT_ID='ccsmbstgr16'
DELETE FROM SERVERLOGS WHERE EVENT_ID='ccsmbstgr160'
DELETE FROM SERVERLOGS WHERE EVENT_ID='ccsmbstgr161'
DELETE FROM SERVERLOGS WHERE EVENT_ID='ccsmbstgr162'
DELETE FROM SERVERLOGS WHERE EVENT_ID='ccsmbstgr163'
DELETE FROM SERVERLOGS WHERE EVENT_ID='ccsmbstgr164'
DELETE FROM SERVERLOGS WHERE EVENT_ID='ccsmbstgr165'
DELETE FROM SERVERLOGS WHERE EVENT_ID='ccsmbstgr166'
DELETE FROM SERVERLOGS WHERE EVENT_ID='ccsmbstgr167'
DELETE FROM SERVERLOGS WHERE EVENT_ID='ccsmbstgr168'
DELETE FROM SERVERLOGS WHERE EVENT_ID='ccsmbstgr169'
DELETE FROM SERVERLOGS WHERE EVENT_ID='ccsmbstgr17'
DELETE FROM SERVERLOGS WHERE EVENT_ID='ccsmbstgr170'
DELETE FROM SERVERLOGS WHERE EVENT_ID='ccsmbstgr171'
DELETE FROM SERVERLOGS WHERE EVENT_ID='ccsmbstgr172'
DELETE FROM SERVERLOGS WHERE EVENT_ID='ccsmbstgr173'
DELETE FROM SERVERLOGS WHERE EVENT_ID='ccsmbstgr174'
DELETE FROM SERVERLOGS WHERE EVENT_ID='ccsmbstgr175'
DELETE FROM SERVERLOGS WHERE EVENT_ID='ccsmbstgr176'
DELETE FROM SERVERLOGS WHERE EVENT_ID='ccsmbstgr177'
DELETE FROM SERVERLOGS WHERE EVENT_ID='ccsmbstgr178'
DELETE FROM SERVERLOGS WHERE EVENT_ID='ccsmbstgr179'
DELETE FROM SERVERLOGS WHERE EVENT_ID='ccsmbstgr18'
DELETE FROM SERVERLOGS WHERE EVENT_ID='ccsmbstgr180'
DELETE FROM SERVERLOGS WHERE EVENT_ID='ccsmbstgr181'
DELETE FROM SERVERLOGS WHERE EVENT_ID='ccsmbstgr182'
DELETE FROM SERVERLOGS WHERE EVENT_ID='ccsmbstgr183'
DELETE FROM SERVERLOGS WHERE EVENT_ID='ccsmbstgr184'
DELETE FROM SERVERLOGS WHERE EVENT_ID='ccsmbstgr185'
DELETE FROM SERVERLOGS WHERE EVENT_ID='ccsmbstgr186'
DELETE FROM SERVERLOGS WHERE EVENT_ID='ccsmbstgr187'
DELETE FROM SERVERLOGS WHERE EVENT_ID='ccsmbstgr188'
DELETE FROM SERVERLOGS WHERE EVENT_ID='ccsmbstgr189'
DELETE FROM SERVERLOGS WHERE EVENT_ID='ccsmbstgr19'
DELETE FROM SERVERLOGS WHERE EVENT_ID='ccsmbstgr190'
DELETE FROM SERVERLOGS WHERE EVENT_ID='ccsmbstgr191'
DELETE FROM SERVERLOGS WHERE EVENT_ID='ccsmbstgr192'
DELETE FROM SERVERLOGS WHERE EVENT_ID='ccsmbstgr193'
DELETE FROM SERVERLOGS WHERE EVENT_ID='ccsmbstgr194'
DELETE FROM SERVERLOGS WHERE EVENT_ID='ccsmbstgr195'
DELETE FROM SERVERLOGS WHERE EVENT_ID='ccsmbstgr196'
DELETE FROM SERVERLOGS WHERE EVENT_ID='ccsmbstgr197'
DELETE FROM SERVERLOGS WHERE EVENT_ID='ccsmbstgr198'
DELETE FROM SERVERLOGS WHERE EVENT_ID='ccsmbstgr199'
DELETE FROM SERVERLOGS WHERE EVENT_ID='ccsmbstgr2'
DELETE FROM SERVERLOGS WHERE EVENT_ID='ccsmbstgr20'
DELETE FROM SERVERLOGS WHERE EVENT_ID='ccsmbstgr200'
DELETE FROM SERVERLOGS WHERE EVENT_ID='ccsmbstgr201'
DELETE FROM SERVERLOGS WHERE EVENT_ID='ccsmbstgr202'
DELETE FROM SERVERLOGS WHERE EVENT_ID='ccsmbstgr203'
DELETE FROM SERVERLOGS WHERE EVENT_ID='ccsmbstgr204'
DELETE FROM SERVERLOGS WHERE EVENT_ID='ccsmbstgr205'
DELETE FROM SERVERLOGS WHERE EVENT_ID='ccsmbstgr206'
DELETE FROM SERVERLOGS WHERE EVENT_ID='ccsmbstgr207'
DELETE FROM SERVERLOGS WHERE EVENT_ID='ccsmbstgr208'
DELETE FROM SERVERLOGS WHERE EVENT_ID='ccsmbstgr209'
DELETE FROM SERVERLOGS WHERE EVENT_ID='ccsmbstgr21'
DELETE FROM SERVERLOGS WHERE EVENT_ID='ccsmbstgr210'
DELETE FROM SERVERLOGS WHERE EVENT_ID='ccsmbstgr211'
DELETE FROM SERVERLOGS WHERE EVENT_ID='ccsmbstgr212'
DELETE FROM SERVERLOGS WHERE EVENT_ID='ccsmbstgr213'
DELETE FROM SERVERLOGS WHERE EVENT_ID='ccsmbstgr214'
DELETE FROM SERVERLOGS WHERE EVENT_ID='ccsmbstgr215'
DELETE FROM SERVERLOGS WHERE EVENT_ID='ccsmbstgr216'
DELETE FROM SERVERLOGS WHERE EVENT_ID='ccsmbstgr217'
DELETE FROM SERVERLOGS WHERE EVENT_ID='ccsmbstgr218'
DELETE FROM SERVERLOGS WHERE EVENT_ID='ccsmbstgr219'
DELETE FROM SERVERLOGS WHERE EVENT_ID='ccsmbstgr22'
DELETE FROM SERVERLOGS WHERE EVENT_ID='ccsmbstgr220'
DELETE FROM SERVERLOGS WHERE EVENT_ID='ccsmbstgr221'
DELETE FROM SERVERLOGS WHERE EVENT_ID='ccsmbstgr222'
DELETE FROM SERVERLOGS WHERE EVENT_ID='ccsmbstgr223'
DELETE FROM SERVERLOGS WHERE EVENT_ID='ccsmbstgr224'
DELETE FROM SERVERLOGS WHERE EVENT_ID='ccsmbstgr225'
DELETE FROM SERVERLOGS WHERE EVENT_ID='ccsmbstgr226'
DELETE FROM SERVERLOGS WHERE EVENT_ID='ccsmbstgr227'
DELETE FROM SERVERLOGS WHERE EVENT_ID='ccsmbstgr228'
DELETE FROM SERVERLOGS WHERE EVENT_ID='ccsmbstgr229'
DELETE FROM SERVERLOGS WHERE EVENT_ID='ccsmbstgr23'
DELETE FROM SERVERLOGS WHERE EVENT_ID='ccsmbstgr230'
DELETE FROM SERVERLOGS WHERE EVENT_ID='ccsmbstgr231'
DELETE FROM SERVERLOGS WHERE EVENT_ID='ccsmbstgr232'
DELETE FROM SERVERLOGS WHERE EVENT_ID='ccsmbstgr233'
DELETE FROM SERVERLOGS WHERE EVENT_ID='ccsmbstgr234'
DELETE FROM SERVERLOGS WHERE EVENT_ID='ccsmbstgr235'
DELETE FROM SERVERLOGS WHERE EVENT_ID='ccsmbstgr236'
DELETE FROM SERVERLOGS WHERE EVENT_ID='ccsmbstgr237'
DELETE FROM SERVERLOGS WHERE EVENT_ID='ccsmbstgr238'
DELETE FROM SERVERLOGS WHERE EVENT_ID='ccsmbstgr239'
DELETE FROM SERVERLOGS WHERE EVENT_ID='ccsmbstgr24'
DELETE FROM SERVERLOGS WHERE EVENT_ID='ccsmbstgr240'
DELETE FROM SERVERLOGS WHERE EVENT_ID='ccsmbstgr241'
DELETE FROM SERVERLOGS WHERE EVENT_ID='ccsmbstgr242'
DELETE FROM SERVERLOGS WHERE EVENT_ID='ccsmbstgr243'
DELETE FROM SERVERLOGS WHERE EVENT_ID='ccsmbstgr244'
DELETE FROM SERVERLOGS WHERE EVENT_ID='ccsmbstgr245'
DELETE FROM SERVERLOGS WHERE EVENT_ID='ccsmbstgr246'
DELETE FROM SERVERLOGS WHERE EVENT_ID='ccsmbstgr247'
DELETE FROM SERVERLOGS WHERE EVENT_ID='ccsmbstgr248'
DELETE FROM SERVERLOGS WHERE EVENT_ID='ccsmbstgr249'
DELETE FROM SERVERLOGS WHERE EVENT_ID='ccsmbstgr25'
DELETE FROM SERVERLOGS WHERE EVENT_ID='ccsmbstgr250'
DELETE FROM SERVERLOGS WHERE EVENT_ID='ccsmbstgr251'
DELETE FROM SERVERLOGS WHERE EVENT_ID='ccsmbstgr252'
DELETE FROM SERVERLOGS WHERE EVENT_ID='ccsmbstgr253'
DELETE FROM SERVERLOGS WHERE EVENT_ID='ccsmbstgr254'
DELETE FROM SERVERLOGS WHERE EVENT_ID='ccsmbstgr255'
DELETE FROM SERVERLOGS WHERE EVENT_ID='ccsmbstgr256'
DELETE FROM SERVERLOGS WHERE EVENT_ID='ccsmbstgr257'
DELETE FROM SERVERLOGS WHERE EVENT_ID='ccsmbstgr258'
DELETE FROM SERVERLOGS WHERE EVENT_ID='ccsmbstgr259'
DELETE FROM SERVERLOGS WHERE EVENT_ID='ccsmbstgr26'
DELETE FROM SERVERLOGS WHERE EVENT_ID='ccsmbstgr260'
DELETE FROM SERVERLOGS WHERE EVENT_ID='ccsmbstgr261'
DELETE FROM SERVERLOGS WHERE EVENT_ID='ccsmbstgr262'
DELETE FROM SERVERLOGS WHERE EVENT_ID='ccsmbstgr263'
DELETE FROM SERVERLOGS WHERE EVENT_ID='ccsmbstgr264'
DELETE FROM SERVERLOGS WHERE EVENT_ID='ccsmbstgr265'
DELETE FROM SERVERLOGS WHERE EVENT_ID='ccsmbstgr266'
DELETE FROM SERVERLOGS WHERE EVENT_ID='ccsmbstgr267'
DELETE FROM SERVERLOGS WHERE EVENT_ID='ccsmbstgr268'
DELETE FROM SERVERLOGS WHERE EVENT_ID='ccsmbstgr269'
DELETE FROM SERVERLOGS WHERE EVENT_ID='ccsmbstgr27'
DELETE FROM SERVERLOGS WHERE EVENT_ID='ccsmbstgr270'
DELETE FROM SERVERLOGS WHERE EVENT_ID='ccsmbstgr271'
DELETE FROM SERVERLOGS WHERE EVENT_ID='ccsmbstgr272'
DELETE FROM SERVERLOGS WHERE EVENT_ID='ccsmbstgr273'
DELETE FROM SERVERLOGS WHERE EVENT_ID='ccsmbstgr274'
DELETE FROM SERVERLOGS WHERE EVENT_ID='ccsmbstgr275'
DELETE FROM SERVERLOGS WHERE EVENT_ID='ccsmbstgr276'
DELETE FROM SERVERLOGS WHERE EVENT_ID='ccsmbstgr277'
DELETE FROM SERVERLOGS WHERE EVENT_ID='ccsmbstgr278'
DELETE FROM SERVERLOGS WHERE EVENT_ID='ccsmbstgr279'
DELETE FROM SERVERLOGS WHERE EVENT_ID='ccsmbstgr28'
DELETE FROM SERVERLOGS WHERE EVENT_ID='ccsmbstgr280'
DELETE FROM SERVERLOGS WHERE EVENT_ID='ccsmbstgr281'
DELETE FROM SERVERLOGS WHERE EVENT_ID='ccsmbstgr282'
DELETE FROM SERVERLOGS WHERE EVENT_ID='ccsmbstgr283'
DELETE FROM SERVERLOGS WHERE EVENT_ID='ccsmbstgr284'
DELETE FROM SERVERLOGS WHERE EVENT_ID='ccsmbstgr285'
DELETE FROM SERVERLOGS WHERE EVENT_ID='ccsmbstgr286'
DELETE FROM SERVERLOGS WHERE EVENT_ID='ccsmbstgr287'
DELETE FROM SERVERLOGS WHERE EVENT_ID='ccsmbstgr288'
DELETE FROM SERVERLOGS WHERE EVENT_ID='ccsmbstgr289'
DELETE FROM SERVERLOGS WHERE EVENT_ID='ccsmbstgr29'
DELETE FROM SERVERLOGS WHERE EVENT_ID='ccsmbstgr290'
DELETE FROM SERVERLOGS WHERE EVENT_ID='ccsmbstgr291'
DELETE FROM SERVERLOGS WHERE EVENT_ID='ccsmbstgr292'
DELETE FROM SERVERLOGS WHERE EVENT_ID='ccsmbstgr293'
DELETE FROM SERVERLOGS WHERE EVENT_ID='ccsmbstgr294'
DELETE FROM SERVERLOGS WHERE EVENT_ID='ccsmbstgr295'
DELETE FROM SERVERLOGS WHERE EVENT_ID='ccsmbstgr296'
DELETE FROM SERVERLOGS WHERE EVENT_ID='ccsmbstgr297'
DELETE FROM SERVERLOGS WHERE EVENT_ID='ccsmbstgr298'
DELETE FROM SERVERLOGS WHERE EVENT_ID='ccsmbstgr299'
DELETE FROM SERVERLOGS WHERE EVENT_ID='ccsmbstgr3'
DELETE FROM SERVERLOGS WHERE EVENT_ID='ccsmbstgr30'
DELETE FROM SERVERLOGS WHERE EVENT_ID='ccsmbstgr300'
DELETE FROM SERVERLOGS WHERE EVENT_ID='ccsmbstgr301'
DELETE FROM SERVERLOGS WHERE EVENT_ID='ccsmbstgr302'
DELETE FROM SERVERLOGS WHERE EVENT_ID='ccsmbstgr303'
DELETE FROM SERVERLOGS WHERE EVENT_ID='ccsmbstgr304'
DELETE FROM SERVERLOGS WHERE EVENT_ID='ccsmbstgr305'
DELETE FROM SERVERLOGS WHERE EVENT_ID='ccsmbstgr306'
DELETE FROM SERVERLOGS WHERE EVENT_ID='ccsmbstgr307'
DELETE FROM SERVERLOGS WHERE EVENT_ID='ccsmbstgr308'
DELETE FROM SERVERLOGS WHERE EVENT_ID='ccsmbstgr309'
DELETE FROM SERVERLOGS WHERE EVENT_ID='ccsmbstgr31'
DELETE FROM SERVERLOGS WHERE EVENT_ID='ccsmbstgr310'
DELETE FROM SERVERLOGS WHERE EVENT_ID='ccsmbstgr311'
DELETE FROM SERVERLOGS WHERE EVENT_ID='ccsmbstgr312'
DELETE FROM SERVERLOGS WHERE EVENT_ID='ccsmbstgr313'
DELETE FROM SERVERLOGS WHERE EVENT_ID='ccsmbstgr314'
DELETE FROM SERVERLOGS WHERE EVENT_ID='ccsmbstgr315'
DELETE FROM SERVERLOGS WHERE EVENT_ID='ccsmbstgr316'
DELETE FROM SERVERLOGS WHERE EVENT_ID='ccsmbstgr317'
DELETE FROM SERVERLOGS WHERE EVENT_ID='ccsmbstgr318'
DELETE FROM SERVERLOGS WHERE EVENT_ID='ccsmbstgr319'
DELETE FROM SERVERLOGS WHERE EVENT_ID='ccsmbstgr32'
DELETE FROM SERVERLOGS WHERE EVENT_ID='ccsmbstgr320'
DELETE FROM SERVERLOGS WHERE EVENT_ID='ccsmbstgr321'
DELETE FROM SERVERLOGS WHERE EVENT_ID='ccsmbstgr322'
DELETE FROM SERVERLOGS WHERE EVENT_ID='ccsmbstgr323'
DELETE FROM SERVERLOGS WHERE EVENT_ID='ccsmbstgr324'
DELETE FROM SERVERLOGS WHERE EVENT_ID='ccsmbstgr325'
DELETE FROM SERVERLOGS WHERE EVENT_ID='ccsmbstgr326'
DELETE FROM SERVERLOGS WHERE EVENT_ID='ccsmbstgr327'
DELETE FROM SERVERLOGS WHERE EVENT_ID='ccsmbstgr328'
DELETE FROM SERVERLOGS WHERE EVENT_ID='ccsmbstgr329'
DELETE FROM SERVERLOGS WHERE EVENT_ID='ccsmbstgr33'
DELETE FROM SERVERLOGS WHERE EVENT_ID='ccsmbstgr330'
DELETE FROM SERVERLOGS WHERE EVENT_ID='ccsmbstgr331'
DELETE FROM SERVERLOGS WHERE EVENT_ID='ccsmbstgr332'
DELETE FROM SERVERLOGS WHERE EVENT_ID='ccsmbstgr333'
DELETE FROM SERVERLOGS WHERE EVENT_ID='ccsmbstgr334'
DELETE FROM SERVERLOGS WHERE EVENT_ID='ccsmbstgr335'
DELETE FROM SERVERLOGS WHERE EVENT_ID='ccsmbstgr336'
DELETE FROM SERVERLOGS WHERE EVENT_ID='ccsmbstgr337'
DELETE FROM SERVERLOGS WHERE EVENT_ID='ccsmbstgr338'
DELETE FROM SERVERLOGS WHERE EVENT_ID='ccsmbstgr339'
DELETE FROM SERVERLOGS WHERE EVENT_ID='ccsmbstgr34'
DELETE FROM SERVERLOGS WHERE EVENT_ID='ccsmbstgr340'
DELETE FROM SERVERLOGS WHERE EVENT_ID='ccsmbstgr341'
DELETE FROM SERVERLOGS WHERE EVENT_ID='ccsmbstgr342'
DELETE FROM SERVERLOGS WHERE EVENT_ID='ccsmbstgr343'
DELETE FROM SERVERLOGS WHERE EVENT_ID='ccsmbstgr344'
DELETE FROM SERVERLOGS WHERE EVENT_ID='ccsmbstgr345'
DELETE FROM SERVERLOGS WHERE EVENT_ID='ccsmbstgr346'
DELETE FROM SERVERLOGS WHERE EVENT_ID='ccsmbstgr347'
DELETE FROM SERVERLOGS WHERE EVENT_ID='ccsmbstgr348'
DELETE FROM SERVERLOGS WHERE EVENT_ID='ccsmbstgr349'
DELETE FROM SERVERLOGS WHERE EVENT_ID='ccsmbstgr35'
DELETE FROM SERVERLOGS WHERE EVENT_ID='ccsmbstgr350'
DELETE FROM SERVERLOGS WHERE EVENT_ID='ccsmbstgr351'
DELETE FROM SERVERLOGS WHERE EVENT_ID='ccsmbstgr352'
DELETE FROM SERVERLOGS WHERE EVENT_ID='ccsmbstgr353'
DELETE FROM SERVERLOGS WHERE EVENT_ID='ccsmbstgr354'
DELETE FROM SERVERLOGS WHERE EVENT_ID='ccsmbstgr355'
DELETE FROM SERVERLOGS WHERE EVENT_ID='ccsmbstgr356'
DELETE FROM SERVERLOGS WHERE EVENT_ID='ccsmbstgr357'
DELETE FROM SERVERLOGS WHERE EVENT_ID='ccsmbstgr358'
DELETE FROM SERVERLOGS WHERE EVENT_ID='ccsmbstgr359'
DELETE FROM SERVERLOGS WHERE EVENT_ID='ccsmbstgr36'
DELETE FROM SERVERLOGS WHERE EVENT_ID='ccsmbstgr360'
DELETE FROM SERVERLOGS WHERE EVENT_ID='ccsmbstgr361'
DELETE FROM SERVERLOGS WHERE EVENT_ID='ccsmbstgr362'
DELETE FROM SERVERLOGS WHERE EVENT_ID='ccsmbstgr363'
DELETE FROM SERVERLOGS WHERE EVENT_ID='ccsmbstgr364'
DELETE FROM SERVERLOGS WHERE EVENT_ID='ccsmbstgr365'
DELETE FROM SERVERLOGS WHERE EVENT_ID='ccsmbstgr366'
DELETE FROM SERVERLOGS WHERE EVENT_ID='ccsmbstgr367'
DELETE FROM SERVERLOGS WHERE EVENT_ID='ccsmbstgr368'
DELETE FROM SERVERLOGS WHERE EVENT_ID='ccsmbstgr369'
DELETE FROM SERVERLOGS WHERE EVENT_ID='ccsmbstgr37'
DELETE FROM SERVERLOGS WHERE EVENT_ID='ccsmbstgr370'
DELETE FROM SERVERLOGS WHERE EVENT_ID='ccsmbstgr371'
DELETE FROM SERVERLOGS WHERE EVENT_ID='ccsmbstgr372'
DELETE FROM SERVERLOGS WHERE EVENT_ID='ccsmbstgr373'
DELETE FROM SERVERLOGS WHERE EVENT_ID='ccsmbstgr374'
DELETE FROM SERVERLOGS WHERE EVENT_ID='ccsmbstgr375'
DELETE FROM SERVERLOGS WHERE EVENT_ID='ccsmbstgr376'
DELETE FROM SERVERLOGS WHERE EVENT_ID='ccsmbstgr377'
DELETE FROM SERVERLOGS WHERE EVENT_ID='ccsmbstgr378'
DELETE FROM SERVERLOGS WHERE EVENT_ID='ccsmbstgr379'
DELETE FROM SERVERLOGS WHERE EVENT_ID='ccsmbstgr38'
DELETE FROM SERVERLOGS WHERE EVENT_ID='ccsmbstgr380'
DELETE FROM SERVERLOGS WHERE EVENT_ID='ccsmbstgr381'
DELETE FROM SERVERLOGS WHERE EVENT_ID='ccsmbstgr382'
DELETE FROM SERVERLOGS WHERE EVENT_ID='ccsmbstgr383'
DELETE FROM SERVERLOGS WHERE EVENT_ID='ccsmbstgr384'
DELETE FROM SERVERLOGS WHERE EVENT_ID='ccsmbstgr385'
DELETE FROM SERVERLOGS WHERE EVENT_ID='ccsmbstgr386'
DELETE FROM SERVERLOGS WHERE EVENT_ID='ccsmbstgr387'
DELETE FROM SERVERLOGS WHERE EVENT_ID='ccsmbstgr388'
DELETE FROM SERVERLOGS WHERE EVENT_ID='ccsmbstgr389'
DELETE FROM SERVERLOGS WHERE EVENT_ID='ccsmbstgr39'
DELETE FROM SERVERLOGS WHERE EVENT_ID='ccsmbstgr390'
DELETE FROM SERVERLOGS WHERE EVENT_ID='ccsmbstgr391'
DELETE FROM SERVERLOGS WHERE EVENT_ID='ccsmbstgr392'
DELETE FROM SERVERLOGS WHERE EVENT_ID='ccsmbstgr393'
DELETE FROM SERVERLOGS WHERE EVENT_ID='ccsmbstgr394'
DELETE FROM SERVERLOGS WHERE EVENT_ID='ccsmbstgr395'
DELETE FROM SERVERLOGS WHERE EVENT_ID='ccsmbstgr396'
DELETE FROM SERVERLOGS WHERE EVENT_ID='ccsmbstgr397'
DELETE FROM SERVERLOGS WHERE EVENT_ID='ccsmbstgr398'
DELETE FROM SERVERLOGS WHERE EVENT_ID='ccsmbstgr399'
DELETE FROM SERVERLOGS WHERE EVENT_ID='ccsmbstgr4'
DELETE FROM SERVERLOGS WHERE EVENT_ID='ccsmbstgr40'
DELETE FROM SERVERLOGS WHERE EVENT_ID='ccsmbstgr400'
DELETE FROM SERVERLOGS WHERE EVENT_ID='ccsmbstgr401'
DELETE FROM SERVERLOGS WHERE EVENT_ID='ccsmbstgr402'
DELETE FROM SERVERLOGS WHERE EVENT_ID='ccsmbstgr403'
DELETE FROM SERVERLOGS WHERE EVENT_ID='ccsmbstgr404'
DELETE FROM SERVERLOGS WHERE EVENT_ID='ccsmbstgr405'
DELETE FROM SERVERLOGS WHERE EVENT_ID='ccsmbstgr406'
DELETE FROM SERVERLOGS WHERE EVENT_ID='ccsmbstgr407'
DELETE FROM SERVERLOGS WHERE EVENT_ID='ccsmbstgr408'
DELETE FROM SERVERLOGS WHERE EVENT_ID='ccsmbstgr409'
DELETE FROM SERVERLOGS WHERE EVENT_ID='ccsmbstgr41'
DELETE FROM SERVERLOGS WHERE EVENT_ID='ccsmbstgr410'
DELETE FROM SERVERLOGS WHERE EVENT_ID='ccsmbstgr411'
DELETE FROM SERVERLOGS WHERE EVENT_ID='ccsmbstgr412'
DELETE FROM SERVERLOGS WHERE EVENT_ID='ccsmbstgr413'
DELETE FROM SERVERLOGS WHERE EVENT_ID='ccsmbstgr414'
DELETE FROM SERVERLOGS WHERE EVENT_ID='ccsmbstgr415'
DELETE FROM SERVERLOGS WHERE EVENT_ID='ccsmbstgr416'
DELETE FROM SERVERLOGS WHERE EVENT_ID='ccsmbstgr417'
DELETE FROM SERVERLOGS WHERE EVENT_ID='ccsmbstgr418'
DELETE FROM SERVERLOGS WHERE EVENT_ID='ccsmbstgr419'
DELETE FROM SERVERLOGS WHERE EVENT_ID='ccsmbstgr42'
DELETE FROM SERVERLOGS WHERE EVENT_ID='ccsmbstgr420'
DELETE FROM SERVERLOGS WHERE EVENT_ID='ccsmbstgr421'
DELETE FROM SERVERLOGS WHERE EVENT_ID='ccsmbstgr422'
DELETE FROM SERVERLOGS WHERE EVENT_ID='ccsmbstgr423'
DELETE FROM SERVERLOGS WHERE EVENT_ID='ccsmbstgr424'
DELETE FROM SERVERLOGS WHERE EVENT_ID='ccsmbstgr425'
DELETE FROM SERVERLOGS WHERE EVENT_ID='ccsmbstgr426'
DELETE FROM SERVERLOGS WHERE EVENT_ID='ccsmbstgr427'
DELETE FROM SERVERLOGS WHERE EVENT_ID='ccsmbstgr428'
DELETE FROM SERVERLOGS WHERE EVENT_ID='ccsmbstgr429'
DELETE FROM SERVERLOGS WHERE EVENT_ID='ccsmbstgr43'
DELETE FROM SERVERLOGS WHERE EVENT_ID='ccsmbstgr430'
DELETE FROM SERVERLOGS WHERE EVENT_ID='ccsmbstgr431'
DELETE FROM SERVERLOGS WHERE EVENT_ID='ccsmbstgr432'
DELETE FROM SERVERLOGS WHERE EVENT_ID='ccsmbstgr433'
DELETE FROM SERVERLOGS WHERE EVENT_ID='ccsmbstgr434'
DELETE FROM SERVERLOGS WHERE EVENT_ID='ccsmbstgr435'
DELETE FROM SERVERLOGS WHERE EVENT_ID='ccsmbstgr436'
DELETE FROM SERVERLOGS WHERE EVENT_ID='ccsmbstgr437'
DELETE FROM SERVERLOGS WHERE EVENT_ID='ccsmbstgr438'
DELETE FROM SERVERLOGS WHERE EVENT_ID='ccsmbstgr439'
DELETE FROM SERVERLOGS WHERE EVENT_ID='ccsmbstgr44'
DELETE FROM SERVERLOGS WHERE EVENT_ID='ccsmbstgr440'
DELETE FROM SERVERLOGS WHERE EVENT_ID='ccsmbstgr441'
DELETE FROM SERVERLOGS WHERE EVENT_ID='ccsmbstgr442'
DELETE FROM SERVERLOGS WHERE EVENT_ID='ccsmbstgr443'
DELETE FROM SERVERLOGS WHERE EVENT_ID='ccsmbstgr444'
DELETE FROM SERVERLOGS WHERE EVENT_ID='ccsmbstgr445'
DELETE FROM SERVERLOGS WHERE EVENT_ID='ccsmbstgr446'
DELETE FROM SERVERLOGS WHERE EVENT_ID='ccsmbstgr447'
DELETE FROM SERVERLOGS WHERE EVENT_ID='ccsmbstgr448'
DELETE FROM SERVERLOGS WHERE EVENT_ID='ccsmbstgr449'
DELETE FROM SERVERLOGS WHERE EVENT_ID='ccsmbstgr45'
DELETE FROM SERVERLOGS WHERE EVENT_ID='ccsmbstgr450'
DELETE FROM SERVERLOGS WHERE EVENT_ID='ccsmbstgr451'
DELETE FROM SERVERLOGS WHERE EVENT_ID='ccsmbstgr452'
DELETE FROM SERVERLOGS WHERE EVENT_ID='ccsmbstgr453'
DELETE FROM SERVERLOGS WHERE EVENT_ID='ccsmbstgr454'
DELETE FROM SERVERLOGS WHERE EVENT_ID='ccsmbstgr455'
DELETE FROM SERVERLOGS WHERE EVENT_ID='ccsmbstgr456'
DELETE FROM SERVERLOGS WHERE EVENT_ID='ccsmbstgr457'
DELETE FROM SERVERLOGS WHERE EVENT_ID='ccsmbstgr458'
DELETE FROM SERVERLOGS WHERE EVENT_ID='ccsmbstgr459'
DELETE FROM SERVERLOGS WHERE EVENT_ID='ccsmbstgr46'
DELETE FROM SERVERLOGS WHERE EVENT_ID='ccsmbstgr460'
DELETE FROM SERVERLOGS WHERE EVENT_ID='ccsmbstgr461'
DELETE FROM SERVERLOGS WHERE EVENT_ID='ccsmbstgr462'
DELETE FROM SERVERLOGS WHERE EVENT_ID='ccsmbstgr463'
DELETE FROM SERVERLOGS WHERE EVENT_ID='ccsmbstgr464'
DELETE FROM SERVERLOGS WHERE EVENT_ID='ccsmbstgr465'
DELETE FROM SERVERLOGS WHERE EVENT_ID='ccsmbstgr466'
DELETE FROM SERVERLOGS WHERE EVENT_ID='ccsmbstgr467'
DELETE FROM SERVERLOGS WHERE EVENT_ID='ccsmbstgr468'
DELETE FROM SERVERLOGS WHERE EVENT_ID='ccsmbstgr469'
DELETE FROM SERVERLOGS WHERE EVENT_ID='ccsmbstgr47'
DELETE FROM SERVERLOGS WHERE EVENT_ID='ccsmbstgr470'
DELETE FROM SERVERLOGS WHERE EVENT_ID='ccsmbstgr471'
DELETE FROM SERVERLOGS WHERE EVENT_ID='ccsmbstgr472'
DELETE FROM SERVERLOGS WHERE EVENT_ID='ccsmbstgr473'
DELETE FROM SERVERLOGS WHERE EVENT_ID='ccsmbstgr474'
DELETE FROM SERVERLOGS WHERE EVENT_ID='ccsmbstgr475'
DELETE FROM SERVERLOGS WHERE EVENT_ID='ccsmbstgr476'
DELETE FROM SERVERLOGS WHERE EVENT_ID='ccsmbstgr477'
DELETE FROM SERVERLOGS WHERE EVENT_ID='ccsmbstgr478'
DELETE FROM SERVERLOGS WHERE EVENT_ID='ccsmbstgr479'
DELETE FROM SERVERLOGS WHERE EVENT_ID='ccsmbstgr48'
DELETE FROM SERVERLOGS WHERE EVENT_ID='ccsmbstgr480'
DELETE FROM SERVERLOGS WHERE EVENT_ID='ccsmbstgr481'
DELETE FROM SERVERLOGS WHERE EVENT_ID='ccsmbstgr482'
DELETE FROM SERVERLOGS WHERE EVENT_ID='ccsmbstgr483'
DELETE FROM SERVERLOGS WHERE EVENT_ID='ccsmbstgr484'
DELETE FROM SERVERLOGS WHERE EVENT_ID='ccsmbstgr485'
DELETE FROM SERVERLOGS WHERE EVENT_ID='ccsmbstgr486'
DELETE FROM SERVERLOGS WHERE EVENT_ID='ccsmbstgr487'
DELETE FROM SERVERLOGS WHERE EVENT_ID='ccsmbstgr488'
DELETE FROM SERVERLOGS WHERE EVENT_ID='ccsmbstgr489'
DELETE FROM SERVERLOGS WHERE EVENT_ID='ccsmbstgr49'
DELETE FROM SERVERLOGS WHERE EVENT_ID='ccsmbstgr490'
DELETE FROM SERVERLOGS WHERE EVENT_ID='ccsmbstgr491'
DELETE FROM SERVERLOGS WHERE EVENT_ID='ccsmbstgr492'
DELETE FROM SERVERLOGS WHERE EVENT_ID='ccsmbstgr493'
DELETE FROM SERVERLOGS WHERE EVENT_ID='ccsmbstgr494'
DELETE FROM SERVERLOGS WHERE EVENT_ID='ccsmbstgr495'
DELETE FROM SERVERLOGS WHERE EVENT_ID='ccsmbstgr496'
DELETE FROM SERVERLOGS WHERE EVENT_ID='ccsmbstgr497'
DELETE FROM SERVERLOGS WHERE EVENT_ID='ccsmbstgr498'
DELETE FROM SERVERLOGS WHERE EVENT_ID='ccsmbstgr499'
DELETE FROM SERVERLOGS WHERE EVENT_ID='ccsmbstgr5'
DELETE FROM SERVERLOGS WHERE EVENT_ID='ccsmbstgr50'
DELETE FROM SERVERLOGS WHERE EVENT_ID='ccsmbstgr500'
DELETE FROM SERVERLOGS WHERE EVENT_ID='ccsmbstgr501'
DELETE FROM SERVERLOGS WHERE EVENT_ID='ccsmbstgr502'
DELETE FROM SERVERLOGS WHERE EVENT_ID='ccsmbstgr503'
DELETE FROM SERVERLOGS WHERE EVENT_ID='ccsmbstgr504'
DELETE FROM SERVERLOGS WHERE EVENT_ID='ccsmbstgr505'
DELETE FROM SERVERLOGS WHERE EVENT_ID='ccsmbstgr506'
DELETE FROM SERVERLOGS WHERE EVENT_ID='ccsmbstgr507'
DELETE FROM SERVERLOGS WHERE EVENT_ID='ccsmbstgr508'
DELETE FROM SERVERLOGS WHERE EVENT_ID='ccsmbstgr509'
DELETE FROM SERVERLOGS WHERE EVENT_ID='ccsmbstgr51'
DELETE FROM SERVERLOGS WHERE EVENT_ID='ccsmbstgr510'
DELETE FROM SERVERLOGS WHERE EVENT_ID='ccsmbstgr511'
DELETE FROM SERVERLOGS WHERE EVENT_ID='ccsmbstgr512'
DELETE FROM SERVERLOGS WHERE EVENT_ID='ccsmbstgr513'
DELETE FROM SERVERLOGS WHERE EVENT_ID='ccsmbstgr514'
DELETE FROM SERVERLOGS WHERE EVENT_ID='ccsmbstgr515'
DELETE FROM SERVERLOGS WHERE EVENT_ID='ccsmbstgr516'
DELETE FROM SERVERLOGS WHERE EVENT_ID='ccsmbstgr517'
DELETE FROM SERVERLOGS WHERE EVENT_ID='ccsmbstgr518'
DELETE FROM SERVERLOGS WHERE EVENT_ID='ccsmbstgr519'
DELETE FROM SERVERLOGS WHERE EVENT_ID='ccsmbstgr52'
DELETE FROM SERVERLOGS WHERE EVENT_ID='ccsmbstgr520'
DELETE FROM SERVERLOGS WHERE EVENT_ID='ccsmbstgr521'
DELETE FROM SERVERLOGS WHERE EVENT_ID='ccsmbstgr522'
DELETE FROM SERVERLOGS WHERE EVENT_ID='ccsmbstgr523'
DELETE FROM SERVERLOGS WHERE EVENT_ID='ccsmbstgr524'
DELETE FROM SERVERLOGS WHERE EVENT_ID='ccsmbstgr525'
DELETE FROM SERVERLOGS WHERE EVENT_ID='ccsmbstgr526'
DELETE FROM SERVERLOGS WHERE EVENT_ID='ccsmbstgr527'
DELETE FROM SERVERLOGS WHERE EVENT_ID='ccsmbstgr528'
DELETE FROM SERVERLOGS WHERE EVENT_ID='ccsmbstgr529'
DELETE FROM SERVERLOGS WHERE EVENT_ID='ccsmbstgr53'
DELETE FROM SERVERLOGS WHERE EVENT_ID='ccsmbstgr530'
DELETE FROM SERVERLOGS WHERE EVENT_ID='ccsmbstgr531'
DELETE FROM SERVERLOGS WHERE EVENT_ID='ccsmbstgr532'
DELETE FROM SERVERLOGS WHERE EVENT_ID='ccsmbstgr533'
DELETE FROM SERVERLOGS WHERE EVENT_ID='ccsmbstgr534'
DELETE FROM SERVERLOGS WHERE EVENT_ID='ccsmbstgr535'
DELETE FROM SERVERLOGS WHERE EVENT_ID='ccsmbstgr536'
DELETE FROM SERVERLOGS WHERE EVENT_ID='ccsmbstgr537'
DELETE FROM SERVERLOGS WHERE EVENT_ID='ccsmbstgr538'
DELETE FROM SERVERLOGS WHERE EVENT_ID='ccsmbstgr539'
DELETE FROM SERVERLOGS WHERE EVENT_ID='ccsmbstgr54'
DELETE FROM SERVERLOGS WHERE EVENT_ID='ccsmbstgr540'
DELETE FROM SERVERLOGS WHERE EVENT_ID='ccsmbstgr541'
DELETE FROM SERVERLOGS WHERE EVENT_ID='ccsmbstgr542'
DELETE FROM SERVERLOGS WHERE EVENT_ID='ccsmbstgr543'
DELETE FROM SERVERLOGS WHERE EVENT_ID='ccsmbstgr544'
DELETE FROM SERVERLOGS WHERE EVENT_ID='ccsmbstgr545'
DELETE FROM SERVERLOGS WHERE EVENT_ID='ccsmbstgr546'
DELETE FROM SERVERLOGS WHERE EVENT_ID='ccsmbstgr547'
DELETE FROM SERVERLOGS WHERE EVENT_ID='ccsmbstgr548'
DELETE FROM SERVERLOGS WHERE EVENT_ID='ccsmbstgr549'
DELETE FROM SERVERLOGS WHERE EVENT_ID='ccsmbstgr55'
DELETE FROM SERVERLOGS WHERE EVENT_ID='ccsmbstgr550'
DELETE FROM SERVERLOGS WHERE EVENT_ID='ccsmbstgr551'
DELETE FROM SERVERLOGS WHERE EVENT_ID='ccsmbstgr552'
DELETE FROM SERVERLOGS WHERE EVENT_ID='ccsmbstgr553'
DELETE FROM SERVERLOGS WHERE EVENT_ID='ccsmbstgr554'
DELETE FROM SERVERLOGS WHERE EVENT_ID='ccsmbstgr555'
DELETE FROM SERVERLOGS WHERE EVENT_ID='ccsmbstgr556'
DELETE FROM SERVERLOGS WHERE EVENT_ID='ccsmbstgr557'
DELETE FROM SERVERLOGS WHERE EVENT_ID='ccsmbstgr558'
DELETE FROM SERVERLOGS WHERE EVENT_ID='ccsmbstgr559'
DELETE FROM SERVERLOGS WHERE EVENT_ID='ccsmbstgr56'
DELETE FROM SERVERLOGS WHERE EVENT_ID='ccsmbstgr560'
DELETE FROM SERVERLOGS WHERE EVENT_ID='ccsmbstgr561'
DELETE FROM SERVERLOGS WHERE EVENT_ID='ccsmbstgr562'
DELETE FROM SERVERLOGS WHERE EVENT_ID='ccsmbstgr563'
DELETE FROM SERVERLOGS WHERE EVENT_ID='ccsmbstgr564'
DELETE FROM SERVERLOGS WHERE EVENT_ID='ccsmbstgr565'
DELETE FROM SERVERLOGS WHERE EVENT_ID='ccsmbstgr566'
DELETE FROM SERVERLOGS WHERE EVENT_ID='ccsmbstgr567'
DELETE FROM SERVERLOGS WHERE EVENT_ID='ccsmbstgr568'
DELETE FROM SERVERLOGS WHERE EVENT_ID='ccsmbstgr569'
DELETE FROM SERVERLOGS WHERE EVENT_ID='ccsmbstgr57'
DELETE FROM SERVERLOGS WHERE EVENT_ID='ccsmbstgr570'
DELETE FROM SERVERLOGS WHERE EVENT_ID='ccsmbstgr571'
DELETE FROM SERVERLOGS WHERE EVENT_ID='ccsmbstgr572'
DELETE FROM SERVERLOGS WHERE EVENT_ID='ccsmbstgr573'
DELETE FROM SERVERLOGS WHERE EVENT_ID='ccsmbstgr574'
DELETE FROM SERVERLOGS WHERE EVENT_ID='ccsmbstgr575'
DELETE FROM SERVERLOGS WHERE EVENT_ID='ccsmbstgr576'
DELETE FROM SERVERLOGS WHERE EVENT_ID='ccsmbstgr577'
DELETE FROM SERVERLOGS WHERE EVENT_ID='ccsmbstgr578'
DELETE FROM SERVERLOGS WHERE EVENT_ID='ccsmbstgr579'
DELETE FROM SERVERLOGS WHERE EVENT_ID='ccsmbstgr58'
DELETE FROM SERVERLOGS WHERE EVENT_ID='ccsmbstgr580'
DELETE FROM SERVERLOGS WHERE EVENT_ID='ccsmbstgr581'
DELETE FROM SERVERLOGS WHERE EVENT_ID='ccsmbstgr582'
DELETE FROM SERVERLOGS WHERE EVENT_ID='ccsmbstgr583'
DELETE FROM SERVERLOGS WHERE EVENT_ID='ccsmbstgr584'
DELETE FROM SERVERLOGS WHERE EVENT_ID='ccsmbstgr585'
DELETE FROM SERVERLOGS WHERE EVENT_ID='ccsmbstgr586'
DELETE FROM SERVERLOGS WHERE EVENT_ID='ccsmbstgr587'
DELETE FROM SERVERLOGS WHERE EVENT_ID='ccsmbstgr588'
DELETE FROM SERVERLOGS WHERE EVENT_ID='ccsmbstgr589'
DELETE FROM SERVERLOGS WHERE EVENT_ID='ccsmbstgr59'
DELETE FROM SERVERLOGS WHERE EVENT_ID='ccsmbstgr590'
DELETE FROM SERVERLOGS WHERE EVENT_ID='ccsmbstgr591'
DELETE FROM SERVERLOGS WHERE EVENT_ID='ccsmbstgr592'
DELETE FROM SERVERLOGS WHERE EVENT_ID='ccsmbstgr593'
DELETE FROM SERVERLOGS WHERE EVENT_ID='ccsmbstgr594'
DELETE FROM SERVERLOGS WHERE EVENT_ID='ccsmbstgr595'
DELETE FROM SERVERLOGS WHERE EVENT_ID='ccsmbstgr596'
DELETE FROM SERVERLOGS WHERE EVENT_ID='ccsmbstgr597'
DELETE FROM SERVERLOGS WHERE EVENT_ID='ccsmbstgr598'
DELETE FROM SERVERLOGS WHERE EVENT_ID='ccsmbstgr599'
DELETE FROM SERVERLOGS WHERE EVENT_ID='ccsmbstgr6'
DELETE FROM SERVERLOGS WHERE EVENT_ID='ccsmbstgr60'
DELETE FROM SERVERLOGS WHERE EVENT_ID='ccsmbstgr600'
DELETE FROM SERVERLOGS WHERE EVENT_ID='ccsmbstgr61'
DELETE FROM SERVERLOGS WHERE EVENT_ID='ccsmbstgr62'
DELETE FROM SERVERLOGS WHERE EVENT_ID='ccsmbstgr63'
DELETE FROM SERVERLOGS WHERE EVENT_ID='ccsmbstgr64'
DELETE FROM SERVERLOGS WHERE EVENT_ID='ccsmbstgr65'
DELETE FROM SERVERLOGS WHERE EVENT_ID='ccsmbstgr66'
DELETE FROM SERVERLOGS WHERE EVENT_ID='ccsmbstgr67'
DELETE FROM SERVERLOGS WHERE EVENT_ID='ccsmbstgr68'
DELETE FROM SERVERLOGS WHERE EVENT_ID='ccsmbstgr69'
DELETE FROM SERVERLOGS WHERE EVENT_ID='ccsmbstgr7'
DELETE FROM SERVERLOGS WHERE EVENT_ID='ccsmbstgr70'
DELETE FROM SERVERLOGS WHERE EVENT_ID='ccsmbstgr71'
DELETE FROM SERVERLOGS WHERE EVENT_ID='ccsmbstgr72'
DELETE FROM SERVERLOGS WHERE EVENT_ID='ccsmbstgr73'
DELETE FROM SERVERLOGS WHERE EVENT_ID='ccsmbstgr74'
DELETE FROM SERVERLOGS WHERE EVENT_ID='ccsmbstgr75'
DELETE FROM SERVERLOGS WHERE EVENT_ID='ccsmbstgr76'
DELETE FROM SERVERLOGS WHERE EVENT_ID='ccsmbstgr77'
DELETE FROM SERVERLOGS WHERE EVENT_ID='ccsmbstgr78'
DELETE FROM SERVERLOGS WHERE EVENT_ID='ccsmbstgr79'
DELETE FROM SERVERLOGS WHERE EVENT_ID='ccsmbstgr8'
DELETE FROM SERVERLOGS WHERE EVENT_ID='ccsmbstgr80'
DELETE FROM SERVERLOGS WHERE EVENT_ID='ccsmbstgr81'
DELETE FROM SERVERLOGS WHERE EVENT_ID='ccsmbstgr82'
DELETE FROM SERVERLOGS WHERE EVENT_ID='ccsmbstgr83'
DELETE FROM SERVERLOGS WHERE EVENT_ID='ccsmbstgr84'
DELETE FROM SERVERLOGS WHERE EVENT_ID='ccsmbstgr85'
DELETE FROM SERVERLOGS WHERE EVENT_ID='ccsmbstgr86'
DELETE FROM SERVERLOGS WHERE EVENT_ID='ccsmbstgr87'
DELETE FROM SERVERLOGS WHERE EVENT_ID='ccsmbstgr88'
DELETE FROM SERVERLOGS WHERE EVENT_ID='ccsmbstgr89'
DELETE FROM SERVERLOGS WHERE EVENT_ID='ccsmbstgr9'
DELETE FROM SERVERLOGS WHERE EVENT_ID='ccsmbstgr90'
DELETE FROM SERVERLOGS WHERE EVENT_ID='ccsmbstgr91'
DELETE FROM SERVERLOGS WHERE EVENT_ID='ccsmbstgr92'
DELETE FROM SERVERLOGS WHERE EVENT_ID='ccsmbstgr93'
DELETE FROM SERVERLOGS WHERE EVENT_ID='ccsmbstgr94'
DELETE FROM SERVERLOGS WHERE EVENT_ID='ccsmbstgr95'
DELETE FROM SERVERLOGS WHERE EVENT_ID='ccsmbstgr96'
DELETE FROM SERVERLOGS WHERE EVENT_ID='ccsmbstgr97'
DELETE FROM SERVERLOGS WHERE EVENT_ID='ccsmbstgr98'
DELETE FROM SERVERLOGS WHERE EVENT_ID='ccsmbstgr99'
COMMIT
/*C34199*/SET SCHEMA PUBLIC
CREATE TABLE IF NOT EXISTS PUBLIC.SERVERLOGS (\u000d\u000a  event_id  varchar(30) primary key,\u000d\u000a  event_duration DOUBLE,\u000d\u000a  type varchar(30),\u000d\u000a  host varchar(30),\u000d\u000a  alert varchar(6)\u000d\u000a  )
/*C34198*/SET SCHEMA PUBLIC
INSERT INTO SERVERLOGS VALUES('ccsmbstgr262',8.0E0,NULL,NULL,'true')
COMMIT
INSERT INTO SERVERLOGS VALUES('ccsmbstgr141',8.0E0,NULL,NULL,'true')
COMMIT
INSERT INTO SERVERLOGS VALUES('ccsmbstgr382',8.0E0,NULL,NULL,'true')
COMMIT
INSERT INTO SERVERLOGS VALUES('ccsmbstgr261',8.0E0,NULL,NULL,'true')
COMMIT
INSERT INTO SERVERLOGS VALUES('ccsmbstgr140',8.0E0,NULL,NULL,'true')
COMMIT
INSERT INTO SERVERLOGS VALUES('ccsmbstgr381',8.0E0,NULL,NULL,'true')
COMMIT
INSERT INTO SERVERLOGS VALUES('ccsmbstgr260',8.0E0,NULL,NULL,'true')
COMMIT
INSERT INTO SERVERLOGS VALUES('ccsmbstgr139',8.0E0,NULL,NULL,'true')
COMMIT
INSERT INTO SERVERLOGS VALUES('ccsmbstgr365',8.0E0,NULL,NULL,'true')
COMMIT
INSERT INTO SERVERLOGS VALUES('ccsmbstgr575',8.0E0,NULL,NULL,'true')
COMMIT
INSERT INTO SERVERLOGS VALUES('ccsmbstgr367',8.0E0,NULL,NULL,'true')
COMMIT
INSERT INTO SERVERLOGS VALUES('ccsmbstgr259',8.0E0,NULL,NULL,'true')
COMMIT
INSERT INTO SERVERLOGS VALUES('ccsmbstgr425',8.0E0,NULL,NULL,'true')
COMMIT
INSERT INTO SERVERLOGS VALUES('ccsmbstgr61',8.0E0,NULL,NULL,'true')
COMMIT
INSERT INTO SERVERLOGS VALUES('ccsmbstgr277',8.0E0,NULL,NULL,'true')
COMMIT
INSERT INTO SERVERLOGS VALUES('ccsmbstgr474',8.0E0,NULL,NULL,'true')
COMMIT
INSERT INTO SERVERLOGS VALUES('ccsmbstgr500',8.0E0,NULL,NULL,'true')
COMMIT
INSERT INTO SERVERLOGS VALUES('ccsmbstgr397',8.0E0,NULL,NULL,'true')
COMMIT
INSERT INTO SERVERLOGS VALUES('ccsmbstgr49',8.0E0,NULL,NULL,'true')
COMMIT
INSERT INTO SERVERLOGS VALUES('ccsmbstgr486',8.0E0,NULL,NULL,'true')
COMMIT
INSERT INTO SERVERLOGS VALUES('ccsmbstgr488',8.0E0,NULL,NULL,'true')
COMMIT
INSERT INTO SERVERLOGS VALUES('ccsmbstgr454',8.0E0,NULL,NULL,'true')
COMMIT
INSERT INTO SERVERLOGS VALUES('ccsmbstgr155',8.0E0,NULL,NULL,'true')
COMMIT
INSERT INTO SERVERLOGS VALUES('ccsmbstgr232',8.0E0,NULL,NULL,'true')
COMMIT
INSERT INTO SERVERLOGS VALUES('ccsmbstgr60',8.0E0,NULL,NULL,'true')
COMMIT
INSERT INTO SERVERLOGS VALUES('ccsmbstgr48',8.0E0,NULL,NULL,'true')
COMMIT
INSERT INTO SERVERLOGS VALUES('ccsmbstgr546',8.0E0,NULL,NULL,'true')
COMMIT
INSERT INTO SERVERLOGS VALUES('ccsmbstgr138',8.0E0,NULL,NULL,'true')
COMMIT
INSERT INTO SERVERLOGS VALUES('ccsmbstgr111',8.0E0,NULL,NULL,'true')
COMMIT
INSERT INTO SERVERLOGS VALUES('ccsmbstgr212',8.0E0,NULL,NULL,'true')
COMMIT
INSERT INTO SERVERLOGS VALUES('ccsmbstgr509',8.0E0,NULL,NULL,'true')
COMMIT
INSERT INTO SERVERLOGS VALUES('ccsmbstgr244',8.0E0,NULL,NULL,'true')
COMMIT
INSERT INTO SERVERLOGS VALUES('ccsmbstgr123',8.0E0,NULL,NULL,'true')
COMMIT
INSERT INTO SERVERLOGS VALUES('ccsmbstgr508',8.0E0,NULL,NULL,'true')
COMMIT
INSERT INTO SERVERLOGS VALUES('ccsmbstgr63',8.0E0,NULL,NULL,'true')
COMMIT
INSERT INTO SERVERLOGS VALUES('ccsmbstgr246',8.0E0,NULL,NULL,'true')
COMMIT
INSERT INTO SERVERLOGS VALUES('ccsmbstgr41',8.0E0,NULL,NULL,'true')
COMMIT
INSERT INTO SERVERLOGS VALUES('ccsmbstgr379',8.0E0,NULL,NULL,'true')
COMMIT
INSERT INTO SERVERLOGS VALUES('ccsmbstgr507',8.0E0,NULL,NULL,'true')
COMMIT
INSERT INTO SERVERLOGS VALUES('ccsmbstgr276',8.0E0,NULL,NULL,'true')
COMMIT
INSERT INTO SERVERLOGS VALUES('ccsmbstgr62',8.0E0,NULL,NULL,'true')
COMMIT
INSERT INTO SERVERLOGS VALUES('ccsmbstgr332',8.0E0,NULL,NULL,'true')
COMMIT
INSERT INTO SERVERLOGS VALUES('ccsmbstgr352',8.0E0,NULL,NULL,'true')
COMMIT
INSERT INTO SERVERLOGS VALUES('ccsmbstgr364',8.0E0,NULL,NULL,'true')
COMMIT
INSERT INTO SERVERLOGS VALUES('ccsmbstgr594',8.0E0,NULL,NULL,'true')
COMMIT
INSERT INTO SERVERLOGS VALUES('ccsmbstgr40',8.0E0,NULL,NULL,'true')
COMMIT
INSERT INTO SERVERLOGS VALUES('ccsmbstgr258',8.0E0,NULL,NULL,'true')
COMMIT
INSERT INTO SERVERLOGS VALUES('ccsmbstgr303',8.0E0,NULL,NULL,'true')
COMMIT
INSERT INTO SERVERLOGS VALUES('ccsmbstgr396',8.0E0,NULL,NULL,'true')
COMMIT
INSERT INTO SERVERLOGS VALUES('ccsmbstgr65',8.0E0,NULL,NULL,'true')
COMMIT
INSERT INTO SERVERLOGS VALUES('ccsmbstgr125',8.0E0,NULL,NULL,'true')
COMMIT
INSERT INTO SERVERLOGS VALUES('ccsmbstgr137',8.0E0,NULL,NULL,'true')
COMMIT
INSERT INTO SERVERLOGS VALUES('ccsmbstgr43',8.0E0,NULL,NULL,'true')
COMMIT
INSERT INTO SERVERLOGS VALUES('ccsmbstgr485',8.0E0,NULL,NULL,'true')
COMMIT
INSERT INTO SERVERLOGS VALUES('ccsmbstgr473',8.0E0,NULL,NULL,'true')
COMMIT
INSERT INTO SERVERLOGS VALUES('ccsmbstgr322',8.0E0,NULL,NULL,'true')
COMMIT
INSERT INTO SERVERLOGS VALUES('ccsmbstgr421',8.0E0,NULL,NULL,'true')
COMMIT
INSERT INTO SERVERLOGS VALUES('ccsmbstgr154',8.0E0,NULL,NULL,'true')
COMMIT
INSERT INTO SERVERLOGS VALUES('ccsmbstgr443',8.0E0,NULL,NULL,'true')
COMMIT
INSERT INTO SERVERLOGS VALUES('ccsmbstgr64',8.0E0,NULL,NULL,'true')
COMMIT
INSERT INTO SERVERLOGS VALUES('ccsmbstgr574',8.0E0,NULL,NULL,'true')
COMMIT
INSERT INTO SERVERLOGS VALUES('ccsmbstgr424',8.0E0,NULL,NULL,'true')
COMMIT
INSERT INTO SERVERLOGS VALUES('ccsmbstgr42',8.0E0,NULL,NULL,'true')
COMMIT
INSERT INTO SERVERLOGS VALUES('ccsmbstgr243',8.0E0,NULL,NULL,'true')
COMMIT
INSERT INTO SERVERLOGS VALUES('ccsmbstgr378',8.0E0,NULL,NULL,'true')
COMMIT
INSERT INTO SERVERLOGS VALUES('ccsmbstgr67',8.0E0,NULL,NULL,'true')
COMMIT
INSERT INTO SERVERLOGS VALUES('ccsmbstgr564',8.0E0,NULL,NULL,'true')
COMMIT
INSERT INTO SERVERLOGS VALUES('ccsmbstgr122',8.0E0,NULL,NULL,'true')
COMMIT
INSERT INTO SERVERLOGS VALUES('ccsmbstgr275',8.0E0,NULL,NULL,'true')
COMMIT
INSERT INTO SERVERLOGS VALUES('ccsmbstgr231',8.0E0,NULL,NULL,'true')
COMMIT
INSERT INTO SERVERLOGS VALUES('ccsmbstgr545',8.0E0,NULL,NULL,'true')
COMMIT
INSERT INTO SERVERLOGS VALUES('ccsmbstgr395',8.0E0,NULL,NULL,'true')
COMMIT
INSERT INTO SERVERLOGS VALUES('ccsmbstgr453',8.0E0,NULL,NULL,'true')
COMMIT
INSERT INTO SERVERLOGS VALUES('ccsmbstgr542',8.0E0,NULL,NULL,'true')
COMMIT
INSERT INTO SERVERLOGS VALUES('ccsmbstgr45',8.0E0,NULL,NULL,'true')
COMMIT
INSERT INTO SERVERLOGS VALUES('ccsmbstgr302',8.0E0,NULL,NULL,'true')
COMMIT
INSERT INTO SERVERLOGS VALUES('ccsmbstgr66',8.0E0,NULL,NULL,'true')
COMMIT
INSERT INTO SERVERLOGS VALUES('ccsmbstgr499',8.0E0,NULL,NULL,'true')
COMMIT
INSERT INTO SERVERLOGS VALUES('ccsmbstgr211',8.0E0,NULL,NULL,'true')
COMMIT
INSERT INTO SERVERLOGS VALUES('ccsmbstgr110',8.0E0,NULL,NULL,'true')
COMMIT
INSERT INTO SERVERLOGS VALUES('ccsmbstgr363',8.0E0,NULL,NULL,'true')
COMMIT
INSERT INTO SERVERLOGS VALUES('ccsmbstgr201',8.0E0,NULL,NULL,'true')
COMMIT
INSERT INTO SERVERLOGS VALUES('ccsmbstgr69',8.0E0,NULL,NULL,'true')
COMMIT
INSERT INTO SERVERLOGS VALUES('ccsmbstgr153',8.0E0,NULL,NULL,'true')
COMMIT
INSERT INTO SERVERLOGS VALUES('ccsmbstgr44',8.0E0,NULL,NULL,'true')
COMMIT
INSERT INTO SERVERLOGS VALUES('ccsmbstgr423',8.0E0,NULL,NULL,'true')
COMMIT
INSERT INTO SERVERLOGS VALUES('ccsmbstgr300',8.0E0,NULL,NULL,'true')
COMMIT
INSERT INTO SERVERLOGS VALUES('ccsmbstgr351',8.0E0,NULL,NULL,'true')
COMMIT
INSERT INTO SERVERLOGS VALUES('ccsmbstgr331',8.0E0,NULL,NULL,'true')
COMMIT
INSERT INTO SERVERLOGS VALUES('ccsmbstgr68',8.0E0,NULL,NULL,'true')
COMMIT
INSERT INTO SERVERLOGS VALUES('ccsmbstgr274',8.0E0,NULL,NULL,'true')
COMMIT
INSERT INTO SERVERLOGS VALUES('ccsmbstgr321',8.0E0,NULL,NULL,'true')
COMMIT
INSERT INTO SERVERLOGS VALUES('ccsmbstgr484',8.0E0,NULL,NULL,'true')
COMMIT
INSERT INTO SERVERLOGS VALUES('ccsmbstgr573',8.0E0,NULL,NULL,'true')
COMMIT
INSERT INTO SERVERLOGS VALUES('ccsmbstgr47',8.0E0,NULL,NULL,'true')
COMMIT
INSERT INTO SERVERLOGS VALUES('ccsmbstgr257',8.0E0,NULL,NULL,'true')
COMMIT
INSERT INTO SERVERLOGS VALUES('ccsmbstgr50',8.0E0,NULL,NULL,'true')
COMMIT
INSERT INTO SERVERLOGS VALUES('ccsmbstgr394',8.0E0,NULL,NULL,'true')
COMMIT
INSERT INTO SERVERLOGS VALUES('ccsmbstgr593',8.0E0,NULL,NULL,'true')
COMMIT
INSERT INTO SERVERLOGS VALUES('ccsmbstgr420',8.0E0,NULL,NULL,'true')
COMMIT
INSERT INTO SERVERLOGS VALUES('ccsmbstgr242',8.0E0,NULL,NULL,'true')
COMMIT
INSERT INTO SERVERLOGS VALUES('ccsmbstgr544',8.0E0,NULL,NULL,'true')
COMMIT
INSERT INTO SERVERLOGS VALUES('ccsmbstgr152',8.0E0,NULL,NULL,'true')
COMMIT
INSERT INTO SERVERLOGS VALUES('ccsmbstgr301',8.0E0,NULL,NULL,'true')
COMMIT
INSERT INTO SERVERLOGS VALUES('ccsmbstgr452',8.0E0,NULL,NULL,'true')
COMMIT
INSERT INTO SERVERLOGS VALUES('ccsmbstgr472',8.0E0,NULL,NULL,'true')
COMMIT
INSERT INTO SERVERLOGS VALUES('ccsmbstgr46',8.0E0,NULL,NULL,'true')
COMMIT
INSERT INTO SERVERLOGS VALUES('ccsmbstgr442',8.0E0,NULL,NULL,'true')
COMMIT
INSERT INTO SERVERLOGS VALUES('ccsmbstgr210',8.0E0,NULL,NULL,'true')
COMMIT
INSERT INTO SERVERLOGS VALUES('ccsmbstgr59',8.0E0,NULL,NULL,'true')
COMMIT
INSERT INTO SERVERLOGS VALUES('ccsmbstgr136',8.0E0,NULL,NULL,'true')
COMMIT
INSERT INTO SERVERLOGS VALUES('ccsmbstgr541',8.0E0,NULL,NULL,'true')
COMMIT
INSERT INTO SERVERLOGS VALUES('ccsmbstgr121',8.0E0,NULL,NULL,'true')
COMMIT
INSERT INTO SERVERLOGS VALUES('ccsmbstgr273',8.0E0,NULL,NULL,'true')
COMMIT
INSERT INTO SERVERLOGS VALUES('ccsmbstgr330',8.0E0,NULL,NULL,'true')
COMMIT
INSERT INTO SERVERLOGS VALUES('ccsmbstgr38',8.0E0,NULL,NULL,'true')
COMMIT
INSERT INTO SERVERLOGS VALUES('ccsmbstgr490',8.0E0,NULL,NULL,'true')
COMMIT
INSERT INTO SERVERLOGS VALUES('ccsmbstgr52',8.0E0,NULL,NULL,'true')
COMMIT
INSERT INTO SERVERLOGS VALUES('ccsmbstgr230',8.0E0,NULL,NULL,'true')
COMMIT
INSERT INTO SERVERLOGS VALUES('ccsmbstgr422',8.0E0,NULL,NULL,'true')
COMMIT
INSERT INTO SERVERLOGS VALUES('ccsmbstgr540',8.0E0,NULL,NULL,'true')
COMMIT
INSERT INTO SERVERLOGS VALUES('ccsmbstgr377',8.0E0,NULL,NULL,'true')
COMMIT
INSERT INTO SERVERLOGS VALUES('ccsmbstgr37',8.0E0,NULL,NULL,'true')
COMMIT
INSERT INTO SERVERLOGS VALUES('ccsmbstgr51',8.0E0,NULL,NULL,'true')
COMMIT
INSERT INTO SERVERLOGS VALUES('ccsmbstgr572',8.0E0,NULL,NULL,'true')
COMMIT
INSERT INTO SERVERLOGS VALUES('ccsmbstgr393',8.0E0,NULL,NULL,'true')
COMMIT
INSERT INTO SERVERLOGS VALUES('ccsmbstgr563',8.0E0,NULL,NULL,'true')
COMMIT
INSERT INTO SERVERLOGS VALUES('ccsmbstgr350',8.0E0,NULL,NULL,'true')
COMMIT
INSERT INTO SERVERLOGS VALUES('ccsmbstgr498',8.0E0,NULL,NULL,'true')
COMMIT
INSERT INTO SERVERLOGS VALUES('ccsmbstgr39',8.0E0,NULL,NULL,'true')
COMMIT
INSERT INTO SERVERLOGS VALUES('ccsmbstgr418',8.0E0,NULL,NULL,'true')
COMMIT
INSERT INTO SERVERLOGS VALUES('ccsmbstgr362',8.0E0,NULL,NULL,'true')
COMMIT
INSERT INTO SERVERLOGS VALUES('ccsmbstgr200',8.0E0,NULL,NULL,'true')
COMMIT
INSERT INTO SERVERLOGS VALUES('ccsmbstgr451',8.0E0,NULL,NULL,'true')
COMMIT
INSERT INTO SERVERLOGS VALUES('ccsmbstgr543',8.0E0,NULL,NULL,'true')
COMMIT
INSERT INTO SERVERLOGS VALUES('ccsmbstgr54',8.0E0,NULL,NULL,'true')
COMMIT
INSERT INTO SERVERLOGS VALUES('ccsmbstgr30',8.0E0,NULL,NULL,'true')
COMMIT
INSERT INTO SERVERLOGS VALUES('ccsmbstgr256',8.0E0,NULL,NULL,'true')
COMMIT
INSERT INTO SERVERLOGS VALUES('ccsmbstgr151',8.0E0,NULL,NULL,'true')
COMMIT
INSERT INTO SERVERLOGS VALUES('ccsmbstgr483',8.0E0,NULL,NULL,'true')
COMMIT
INSERT INTO SERVERLOGS VALUES('ccsmbstgr450',8.0E0,NULL,NULL,'true')
COMMIT
INSERT INTO SERVERLOGS VALUES('ccsmbstgr592',8.0E0,NULL,NULL,'true')
COMMIT
INSERT INTO SERVERLOGS VALUES('ccsmbstgr320',8.0E0,NULL,NULL,'true')
COMMIT
INSERT INTO SERVERLOGS VALUES('ccsmbstgr539',8.0E0,NULL,NULL,'true')
COMMIT
INSERT INTO SERVERLOGS VALUES('ccsmbstgr53',8.0E0,NULL,NULL,'true')
COMMIT
INSERT INTO SERVERLOGS VALUES('ccsmbstgr272',8.0E0,NULL,NULL,'true')
COMMIT
INSERT INTO SERVERLOGS VALUES('ccsmbstgr309',8.0E0,NULL,NULL,'true')
COMMIT
INSERT INTO SERVERLOGS VALUES('ccsmbstgr32',8.0E0,NULL,NULL,'true')
COMMIT
INSERT INTO SERVERLOGS VALUES('ccsmbstgr135',8.0E0,NULL,NULL,'true')
COMMIT
INSERT INTO SERVERLOGS VALUES('ccsmbstgr241',8.0E0,NULL,NULL,'true')
COMMIT
INSERT INTO SERVERLOGS VALUES('ccsmbstgr571',8.0E0,NULL,NULL,'true')
COMMIT
INSERT INTO SERVERLOGS VALUES('ccsmbstgr31',8.0E0,NULL,NULL,'true')
COMMIT
INSERT INTO SERVERLOGS VALUES('ccsmbstgr376',8.0E0,NULL,NULL,'true')
COMMIT
INSERT INTO SERVERLOGS VALUES('ccsmbstgr471',8.0E0,NULL,NULL,'true')
COMMIT
INSERT INTO SERVERLOGS VALUES('ccsmbstgr441',8.0E0,NULL,NULL,'true')
COMMIT
INSERT INTO SERVERLOGS VALUES('ccsmbstgr56',8.0E0,NULL,NULL,'true')
COMMIT
INSERT INTO SERVERLOGS VALUES('ccsmbstgr417',8.0E0,NULL,NULL,'true')
COMMIT
INSERT INTO SERVERLOGS VALUES('ccsmbstgr392',8.0E0,NULL,NULL,'true')
COMMIT
INSERT INTO SERVERLOGS VALUES('ccsmbstgr344',8.0E0,NULL,NULL,'true')
COMMIT
INSERT INTO SERVERLOGS VALUES('ccsmbstgr55',8.0E0,NULL,NULL,'true')
COMMIT
INSERT INTO SERVERLOGS VALUES('ccsmbstgr562',8.0E0,NULL,NULL,'true')
COMMIT
INSERT INTO SERVERLOGS VALUES('ccsmbstgr34',8.0E0,NULL,NULL,'true')
COMMIT
INSERT INTO SERVERLOGS VALUES('ccsmbstgr120',8.0E0,NULL,NULL,'true')
COMMIT
INSERT INTO SERVERLOGS VALUES('ccsmbstgr570',8.0E0,NULL,NULL,'true')
COMMIT
INSERT INTO SERVERLOGS VALUES('ccsmbstgr586',8.0E0,NULL,NULL,'true')
COMMIT
INSERT INTO SERVERLOGS VALUES('ccsmbstgr591',8.0E0,NULL,NULL,'true')
COMMIT
INSERT INTO SERVERLOGS VALUES('ccsmbstgr497',8.0E0,NULL,NULL,'true')
COMMIT
INSERT INTO SERVERLOGS VALUES('ccsmbstgr58',8.0E0,NULL,NULL,'true')
COMMIT
INSERT INTO SERVERLOGS VALUES('ccsmbstgr271',8.0E0,NULL,NULL,'true')
COMMIT
INSERT INTO SERVERLOGS VALUES('ccsmbstgr361',8.0E0,NULL,NULL,'true')
COMMIT
INSERT INTO SERVERLOGS VALUES('ccsmbstgr33',8.0E0,NULL,NULL,'true')
COMMIT
INSERT INTO SERVERLOGS VALUES('ccsmbstgr465',8.0E0,NULL,NULL,'true')
COMMIT
INSERT INTO SERVERLOGS VALUES('ccsmbstgr440',8.0E0,NULL,NULL,'true')
COMMIT
INSERT INTO SERVERLOGS VALUES('ccsmbstgr57',8.0E0,NULL,NULL,'true')
COMMIT
INSERT INTO SERVERLOGS VALUES('ccsmbstgr538',8.0E0,NULL,NULL,'true')
COMMIT
INSERT INTO SERVERLOGS VALUES('ccsmbstgr36',8.0E0,NULL,NULL,'true')
COMMIT
INSERT INTO SERVERLOGS VALUES('ccsmbstgr470',8.0E0,NULL,NULL,'true')
COMMIT
INSERT INTO SERVERLOGS VALUES('ccsmbstgr150',8.0E0,NULL,NULL,'true')
COMMIT
INSERT INTO SERVERLOGS VALUES('ccsmbstgr35',8.0E0,NULL,NULL,'true')
COMMIT
INSERT INTO SERVERLOGS VALUES('ccsmbstgr149',8.0E0,NULL,NULL,'true')
COMMIT
INSERT INTO SERVERLOGS VALUES('ccsmbstgr590',8.0E0,NULL,NULL,'true')
COMMIT
INSERT INTO SERVERLOGS VALUES('ccsmbstgr209',8.0E0,NULL,NULL,'true')
COMMIT
INSERT INTO SERVERLOGS VALUES('ccsmbstgr482',8.0E0,NULL,NULL,'true')
COMMIT
INSERT INTO SERVERLOGS VALUES('ccsmbstgr255',8.0E0,NULL,NULL,'true')
COMMIT
INSERT INTO SERVERLOGS VALUES('ccsmbstgr329',8.0E0,NULL,NULL,'true')
COMMIT
INSERT INTO SERVERLOGS VALUES('ccsmbstgr109',8.0E0,NULL,NULL,'true')
COMMIT
INSERT INTO SERVERLOGS VALUES('ccsmbstgr134',8.0E0,NULL,NULL,'true')
COMMIT
INSERT INTO SERVERLOGS VALUES('ccsmbstgr269',8.0E0,NULL,NULL,'true')
COMMIT
INSERT INTO SERVERLOGS VALUES('ccsmbstgr416',8.0E0,NULL,NULL,'true')
COMMIT
INSERT INTO SERVERLOGS VALUES('ccsmbstgr27',8.0E0,NULL,NULL,'true')
COMMIT
INSERT INTO SERVERLOGS VALUES('ccsmbstgr193',8.0E0,NULL,NULL,'true')
COMMIT
INSERT INTO SERVERLOGS VALUES('ccsmbstgr223',8.0E0,NULL,NULL,'true')
COMMIT
INSERT INTO SERVERLOGS VALUES('ccsmbstgr26',8.0E0,NULL,NULL,'true')
COMMIT
INSERT INTO SERVERLOGS VALUES('ccsmbstgr192',8.0E0,NULL,NULL,'true')
COMMIT
INSERT INTO SERVERLOGS VALUES('ccsmbstgr561',8.0E0,NULL,NULL,'true')
COMMIT
INSERT INTO SERVERLOGS VALUES('ccsmbstgr102',8.0E0,NULL,NULL,'true')
COMMIT
INSERT INTO SERVERLOGS VALUES('ccsmbstgr148',8.0E0,NULL,NULL,'true')
COMMIT
INSERT INTO SERVERLOGS VALUES('ccsmbstgr537',8.0E0,NULL,NULL,'true')
COMMIT
INSERT INTO SERVERLOGS VALUES('ccsmbstgr375',8.0E0,NULL,NULL,'true')
COMMIT
INSERT INTO SERVERLOGS VALUES('ccsmbstgr229',8.0E0,NULL,NULL,'true')
COMMIT
INSERT INTO SERVERLOGS VALUES('ccsmbstgr208',8.0E0,NULL,NULL,'true')
COMMIT
INSERT INTO SERVERLOGS VALUES('ccsmbstgr496',8.0E0,NULL,NULL,'true')
COMMIT
INSERT INTO SERVERLOGS VALUES('ccsmbstgr240',8.0E0,NULL,NULL,'true')
COMMIT
INSERT INTO SERVERLOGS VALUES('ccsmbstgr389',8.0E0,NULL,NULL,'true')
COMMIT
INSERT INTO SERVERLOGS VALUES('ccsmbstgr415',8.0E0,NULL,NULL,'true')
COMMIT
INSERT INTO SERVERLOGS VALUES('ccsmbstgr343',8.0E0,NULL,NULL,'true')
COMMIT
INSERT INTO SERVERLOGS VALUES('ccsmbstgr560',8.0E0,NULL,NULL,'true')
COMMIT
INSERT INTO SERVERLOGS VALUES('ccsmbstgr268',8.0E0,NULL,NULL,'true')
COMMIT
INSERT INTO SERVERLOGS VALUES('ccsmbstgr319',8.0E0,NULL,NULL,'true')
COMMIT
INSERT INTO SERVERLOGS VALUES('ccsmbstgr29',8.0E0,NULL,NULL,'true')
COMMIT
INSERT INTO SERVERLOGS VALUES('ccsmbstgr254',8.0E0,NULL,NULL,'true')
COMMIT
INSERT INTO SERVERLOGS VALUES('ccsmbstgr191',8.0E0,NULL,NULL,'true')
COMMIT
INSERT INTO SERVERLOGS VALUES('ccsmbstgr360',8.0E0,NULL,NULL,'true')
COMMIT
INSERT INTO SERVERLOGS VALUES('ccsmbstgr147',8.0E0,NULL,NULL,'true')
COMMIT
INSERT INTO SERVERLOGS VALUES('ccsmbstgr536',8.0E0,NULL,NULL,'true')
COMMIT
INSERT INTO SERVERLOGS VALUES('ccsmbstgr328',8.0E0,NULL,NULL,'true')
COMMIT
INSERT INTO SERVERLOGS VALUES('ccsmbstgr585',8.0E0,NULL,NULL,'true')
COMMIT
INSERT INTO SERVERLOGS VALUES('ccsmbstgr108',8.0E0,NULL,NULL,'true')
COMMIT
INSERT INTO SERVERLOGS VALUES('ccsmbstgr28',8.0E0,NULL,NULL,'true')
COMMIT
INSERT INTO SERVERLOGS VALUES('ccsmbstgr449',8.0E0,NULL,NULL,'true')
COMMIT
INSERT INTO SERVERLOGS VALUES('ccsmbstgr464',8.0E0,NULL,NULL,'true')
COMMIT
INSERT INTO SERVERLOGS VALUES('ccsmbstgr190',8.0E0,NULL,NULL,'true')
COMMIT
INSERT INTO SERVERLOGS VALUES('ccsmbstgr318',8.0E0,NULL,NULL,'true')
COMMIT
INSERT INTO SERVERLOGS VALUES('ccsmbstgr349',8.0E0,NULL,NULL,'true')
COMMIT
INSERT INTO SERVERLOGS VALUES('ccsmbstgr182',8.0E0,NULL,NULL,'true')
COMMIT
INSERT INTO SERVERLOGS VALUES('ccsmbstgr21',8.0E0,NULL,NULL,'true')
COMMIT
INSERT INTO SERVERLOGS VALUES('ccsmbstgr414',8.0E0,NULL,NULL,'true')
COMMIT
INSERT INTO SERVERLOGS VALUES('ccsmbstgr481',8.0E0,NULL,NULL,'true')
COMMIT
INSERT INTO SERVERLOGS VALUES('ccsmbstgr133',8.0E0,NULL,NULL,'true')
COMMIT
INSERT INTO SERVERLOGS VALUES('ccsmbstgr222',8.0E0,NULL,NULL,'true')
COMMIT
INSERT INTO SERVERLOGS VALUES('ccsmbstgr207',8.0E0,NULL,NULL,'true')
COMMIT
INSERT INTO SERVERLOGS VALUES('ccsmbstgr228',8.0E0,NULL,NULL,'true')
COMMIT
INSERT INTO SERVERLOGS VALUES('ccsmbstgr101',8.0E0,NULL,NULL,'true')
COMMIT
INSERT INTO SERVERLOGS VALUES('ccsmbstgr439',8.0E0,NULL,NULL,'true')
COMMIT
INSERT INTO SERVERLOGS VALUES('ccsmbstgr199',8.0E0,NULL,NULL,'true')
COMMIT
INSERT INTO SERVERLOGS VALUES('ccsmbstgr181',8.0E0,NULL,NULL,'true')
COMMIT
INSERT INTO SERVERLOGS VALUES('ccsmbstgr20',8.0E0,NULL,NULL,'true')
COMMIT
INSERT INTO SERVERLOGS VALUES('ccsmbstgr480',8.0E0,NULL,NULL,'true')
COMMIT
INSERT INTO SERVERLOGS VALUES('ccsmbstgr327',8.0E0,NULL,NULL,'true')
COMMIT
INSERT INTO SERVERLOGS VALUES('ccsmbstgr317',8.0E0,NULL,NULL,'true')
COMMIT
INSERT INTO SERVERLOGS VALUES('ccsmbstgr107',8.0E0,NULL,NULL,'true')
COMMIT
INSERT INTO SERVERLOGS VALUES('ccsmbstgr535',8.0E0,NULL,NULL,'true')
COMMIT
INSERT INTO SERVERLOGS VALUES('ccsmbstgr180',8.0E0,NULL,NULL,'true')
COMMIT
INSERT INTO SERVERLOGS VALUES('ccsmbstgr198',8.0E0,NULL,NULL,'true')
COMMIT
INSERT INTO SERVERLOGS VALUES('ccsmbstgr342',8.0E0,NULL,NULL,'true')
COMMIT
INSERT INTO SERVERLOGS VALUES('ccsmbstgr197',8.0E0,NULL,NULL,'true')
COMMIT
INSERT INTO SERVERLOGS VALUES('ccsmbstgr374',8.0E0,NULL,NULL,'true')
COMMIT
INSERT INTO SERVERLOGS VALUES('ccsmbstgr584',8.0E0,NULL,NULL,'true')
COMMIT
INSERT INTO SERVERLOGS VALUES('ccsmbstgr438',8.0E0,NULL,NULL,'true')
COMMIT
INSERT INTO SERVERLOGS VALUES('ccsmbstgr189',8.0E0,NULL,NULL,'true')
COMMIT
INSERT INTO SERVERLOGS VALUES('ccsmbstgr448',8.0E0,NULL,NULL,'true')
COMMIT
INSERT INTO SERVERLOGS VALUES('ccsmbstgr413',8.0E0,NULL,NULL,'true')
COMMIT
INSERT INTO SERVERLOGS VALUES('ccsmbstgr348',8.0E0,NULL,NULL,'true')
COMMIT
INSERT INTO SERVERLOGS VALUES('ccsmbstgr5',8.0E0,NULL,NULL,'true')
COMMIT
INSERT INTO SERVERLOGS VALUES('ccsmbstgr23',8.0E0,NULL,NULL,'true')
COMMIT
INSERT INTO SERVERLOGS VALUES('ccsmbstgr469',8.0E0,NULL,NULL,'true')
COMMIT
INSERT INTO SERVERLOGS VALUES('ccsmbstgr22',8.0E0,NULL,NULL,'true')
COMMIT
INSERT INTO SERVERLOGS VALUES('ccsmbstgr534',8.0E0,NULL,NULL,'true')
COMMIT
INSERT INTO SERVERLOGS VALUES('ccsmbstgr188',8.0E0,NULL,NULL,'true')
COMMIT
INSERT INTO SERVERLOGS VALUES('ccsmbstgr569',8.0E0,NULL,NULL,'true')
COMMIT
INSERT INTO SERVERLOGS VALUES('ccsmbstgr463',8.0E0,NULL,NULL,'true')
COMMIT
INSERT INTO SERVERLOGS VALUES('ccsmbstgr559',8.0E0,NULL,NULL,'true')
COMMIT
INSERT INTO SERVERLOGS VALUES('ccsmbstgr495',8.0E0,NULL,NULL,'true')
COMMIT
INSERT INTO SERVERLOGS VALUES('ccsmbstgr196',8.0E0,NULL,NULL,'true')
COMMIT
INSERT INTO SERVERLOGS VALUES('ccsmbstgr206',8.0E0,NULL,NULL,'true')
COMMIT
INSERT INTO SERVERLOGS VALUES('ccsmbstgr187',8.0E0,NULL,NULL,'true')
COMMIT
INSERT INTO SERVERLOGS VALUES('ccsmbstgr227',8.0E0,NULL,NULL,'true')
COMMIT
INSERT INTO SERVERLOGS VALUES('ccsmbstgr412',8.0E0,NULL,NULL,'true')
COMMIT
INSERT INTO SERVERLOGS VALUES('ccsmbstgr25',8.0E0,NULL,NULL,'true')
COMMIT
INSERT INTO SERVERLOGS VALUES('ccsmbstgr186',8.0E0,NULL,NULL,'true')
COMMIT
INSERT INTO SERVERLOGS VALUES('ccsmbstgr533',8.0E0,NULL,NULL,'true')
COMMIT
INSERT INTO SERVERLOGS VALUES('ccsmbstgr326',8.0E0,NULL,NULL,'true')
COMMIT
INSERT INTO SERVERLOGS VALUES('ccsmbstgr4',8.0E0,NULL,NULL,'true')
COMMIT
INSERT INTO SERVERLOGS VALUES('ccsmbstgr195',8.0E0,NULL,NULL,'true')
COMMIT
INSERT INTO SERVERLOGS VALUES('ccsmbstgr316',8.0E0,NULL,NULL,'true')
COMMIT
INSERT INTO SERVERLOGS VALUES('ccsmbstgr253',8.0E0,NULL,NULL,'true')
COMMIT
INSERT INTO SERVERLOGS VALUES('ccsmbstgr194',8.0E0,NULL,NULL,'true')
COMMIT
INSERT INTO SERVERLOGS VALUES('ccsmbstgr221',8.0E0,NULL,NULL,'true')
COMMIT
INSERT INTO SERVERLOGS VALUES('ccsmbstgr437',8.0E0,NULL,NULL,'true')
COMMIT
INSERT INTO SERVERLOGS VALUES('ccsmbstgr447',8.0E0,NULL,NULL,'true')
COMMIT
INSERT INTO SERVERLOGS VALUES('ccsmbstgr119',8.0E0,NULL,NULL,'true')
COMMIT
INSERT INTO SERVERLOGS VALUES('ccsmbstgr411',8.0E0,NULL,NULL,'true')
COMMIT
INSERT INTO SERVERLOGS VALUES('ccsmbstgr185',8.0E0,NULL,NULL,'true')
COMMIT
INSERT INTO SERVERLOGS VALUES('ccsmbstgr106',8.0E0,NULL,NULL,'true')
COMMIT
INSERT INTO SERVERLOGS VALUES('ccsmbstgr24',8.0E0,NULL,NULL,'true')
COMMIT
INSERT INTO SERVERLOGS VALUES('ccsmbstgr558',8.0E0,NULL,NULL,'true')
COMMIT
INSERT INTO SERVERLOGS VALUES('ccsmbstgr568',8.0E0,NULL,NULL,'true')
COMMIT
INSERT INTO SERVERLOGS VALUES('ccsmbstgr132',8.0E0,NULL,NULL,'true')
COMMIT
INSERT INTO SERVERLOGS VALUES('ccsmbstgr160',8.0E0,NULL,NULL,'true')
COMMIT
INSERT INTO SERVERLOGS VALUES('ccsmbstgr100',8.0E0,NULL,NULL,'true')
COMMIT
INSERT INTO SERVERLOGS VALUES('ccsmbstgr205',8.0E0,NULL,NULL,'true')
COMMIT
INSERT INTO SERVERLOGS VALUES('ccsmbstgr347',8.0E0,NULL,NULL,'true')
COMMIT
INSERT INTO SERVERLOGS VALUES('ccsmbstgr532',8.0E0,NULL,NULL,'true')
COMMIT
INSERT INTO SERVERLOGS VALUES('ccsmbstgr16',8.0E0,NULL,NULL,'true')
COMMIT
INSERT INTO SERVERLOGS VALUES('ccsmbstgr373',8.0E0,NULL,NULL,'true')
COMMIT
INSERT INTO SERVERLOGS VALUES('ccsmbstgr281',8.0E0,NULL,NULL,'true')
COMMIT
INSERT INTO SERVERLOGS VALUES('ccsmbstgr341',8.0E0,NULL,NULL,'true')
COMMIT
INSERT INTO SERVERLOGS VALUES('ccsmbstgr7',8.0E0,NULL,NULL,'true')
COMMIT
INSERT INTO SERVERLOGS VALUES('ccsmbstgr315',8.0E0,NULL,NULL,'true')
COMMIT
INSERT INTO SERVERLOGS VALUES('ccsmbstgr184',8.0E0,NULL,NULL,'true')
COMMIT
INSERT INTO SERVERLOGS VALUES('ccsmbstgr325',8.0E0,NULL,NULL,'true')
COMMIT
INSERT INTO SERVERLOGS VALUES('ccsmbstgr589',8.0E0,NULL,NULL,'true')
COMMIT
INSERT INTO SERVERLOGS VALUES('ccsmbstgr436',8.0E0,NULL,NULL,'true')
COMMIT
INSERT INTO SERVERLOGS VALUES('ccsmbstgr239',8.0E0,NULL,NULL,'true')
COMMIT
INSERT INTO SERVERLOGS VALUES('ccsmbstgr583',8.0E0,NULL,NULL,'true')
COMMIT
INSERT INTO SERVERLOGS VALUES('ccsmbstgr280',8.0E0,NULL,NULL,'true')
COMMIT
INSERT INTO SERVERLOGS VALUES('ccsmbstgr494',8.0E0,NULL,NULL,'true')
COMMIT
INSERT INTO SERVERLOGS VALUES('ccsmbstgr15',8.0E0,NULL,NULL,'true')
COMMIT
INSERT INTO SERVERLOGS VALUES('ccsmbstgr419',8.0E0,NULL,NULL,'true')
COMMIT
INSERT INTO SERVERLOGS VALUES('ccsmbstgr118',8.0E0,NULL,NULL,'true')
COMMIT
INSERT INTO SERVERLOGS VALUES('ccsmbstgr168',8.0E0,NULL,NULL,'true')
COMMIT
INSERT INTO SERVERLOGS VALUES('ccsmbstgr90',8.0E0,NULL,NULL,'true')
COMMIT
INSERT INTO SERVERLOGS VALUES('ccsmbstgr462',8.0E0,NULL,NULL,'true')
COMMIT
INSERT INTO SERVERLOGS VALUES('ccsmbstgr446',8.0E0,NULL,NULL,'true')
COMMIT
INSERT INTO SERVERLOGS VALUES('ccsmbstgr557',8.0E0,NULL,NULL,'true')
COMMIT
INSERT INTO SERVERLOGS VALUES('ccsmbstgr468',8.0E0,NULL,NULL,'true')
COMMIT
INSERT INTO SERVERLOGS VALUES('ccsmbstgr92',8.0E0,NULL,NULL,'true')
COMMIT
INSERT INTO SERVERLOGS VALUES('ccsmbstgr289',8.0E0,NULL,NULL,'true')
COMMIT
INSERT INTO SERVERLOGS VALUES('ccsmbstgr183',8.0E0,NULL,NULL,'true')
COMMIT
INSERT INTO SERVERLOGS VALUES('ccsmbstgr6',8.0E0,NULL,NULL,'true')
COMMIT
INSERT INTO SERVERLOGS VALUES('ccsmbstgr314',8.0E0,NULL,NULL,'true')
COMMIT
INSERT INTO SERVERLOGS VALUES('ccsmbstgr18',8.0E0,NULL,NULL,'true')
COMMIT
INSERT INTO SERVERLOGS VALUES('ccsmbstgr252',8.0E0,NULL,NULL,'true')
COMMIT
INSERT INTO SERVERLOGS VALUES('ccsmbstgr567',8.0E0,NULL,NULL,'true')
COMMIT
INSERT INTO SERVERLOGS VALUES('ccsmbstgr226',8.0E0,NULL,NULL,'true')
COMMIT
INSERT INTO SERVERLOGS VALUES('ccsmbstgr220',8.0E0,NULL,NULL,'true')
COMMIT
INSERT INTO SERVERLOGS VALUES('ccsmbstgr91',8.0E0,NULL,NULL,'true')
COMMIT
INSERT INTO SERVERLOGS VALUES('ccsmbstgr131',8.0E0,NULL,NULL,'true')
COMMIT
INSERT INTO SERVERLOGS VALUES('ccsmbstgr435',8.0E0,NULL,NULL,'true')
COMMIT
INSERT INTO SERVERLOGS VALUES('ccsmbstgr340',8.0E0,NULL,NULL,'true')
COMMIT
INSERT INTO SERVERLOGS VALUES('ccsmbstgr17',8.0E0,NULL,NULL,'true')
COMMIT
INSERT INTO SERVERLOGS VALUES('ccsmbstgr167',8.0E0,NULL,NULL,'true')
COMMIT
INSERT INTO SERVERLOGS VALUES('ccsmbstgr359',8.0E0,NULL,NULL,'true')
COMMIT
INSERT INTO SERVERLOGS VALUES('ccsmbstgr171',8.0E0,NULL,NULL,'true')
COMMIT
INSERT INTO SERVERLOGS VALUES('ccsmbstgr556',8.0E0,NULL,NULL,'true')
COMMIT
INSERT INTO SERVERLOGS VALUES('ccsmbstgr105',8.0E0,NULL,NULL,'true')
COMMIT
INSERT INTO SERVERLOGS VALUES('ccsmbstgr1',8.0E0,NULL,NULL,'true')
COMMIT
INSERT INTO SERVERLOGS VALUES('ccsmbstgr94',8.0E0,NULL,NULL,'true')
COMMIT
INSERT INTO SERVERLOGS VALUES('ccsmbstgr204',8.0E0,NULL,NULL,'true')
COMMIT
INSERT INTO SERVERLOGS VALUES('ccsmbstgr238',8.0E0,NULL,NULL,'true')
COMMIT
INSERT INTO SERVERLOGS VALUES('ccsmbstgr346',8.0E0,NULL,NULL,'true')
COMMIT
INSERT INTO SERVERLOGS VALUES('ccsmbstgr292',8.0E0,NULL,NULL,'true')
COMMIT
INSERT INTO SERVERLOGS VALUES('ccsmbstgr288',8.0E0,NULL,NULL,'true')
COMMIT
INSERT INTO SERVERLOGS VALUES('ccsmbstgr313',8.0E0,NULL,NULL,'true')
COMMIT
INSERT INTO SERVERLOGS VALUES('ccsmbstgr93',8.0E0,NULL,NULL,'true')
COMMIT
INSERT INTO SERVERLOGS VALUES('ccsmbstgr19',8.0E0,NULL,NULL,'true')
COMMIT
INSERT INTO SERVERLOGS VALUES('ccsmbstgr582',8.0E0,NULL,NULL,'true')
COMMIT
INSERT INTO SERVERLOGS VALUES('ccsmbstgr117',8.0E0,NULL,NULL,'true')
COMMIT
INSERT INTO SERVERLOGS VALUES('ccsmbstgr372',8.0E0,NULL,NULL,'true')
COMMIT
INSERT INTO SERVERLOGS VALUES('ccsmbstgr166',8.0E0,NULL,NULL,'true')
COMMIT
INSERT INTO SERVERLOGS VALUES('ccsmbstgr324',8.0E0,NULL,NULL,'true')
COMMIT
INSERT INTO SERVERLOGS VALUES('ccsmbstgr170',8.0E0,NULL,NULL,'true')
COMMIT
INSERT INTO SERVERLOGS VALUES('ccsmbstgr588',8.0E0,NULL,NULL,'true')
COMMIT
INSERT INTO SERVERLOGS VALUES('ccsmbstgr461',8.0E0,NULL,NULL,'true')
COMMIT
INSERT INTO SERVERLOGS VALUES('ccsmbstgr410',8.0E0,NULL,NULL,'true')
COMMIT
INSERT INTO SERVERLOGS VALUES('ccsmbstgr10',8.0E0,NULL,NULL,'true')
COMMIT
INSERT INTO SERVERLOGS VALUES('ccsmbstgr467',8.0E0,NULL,NULL,'true')
COMMIT
INSERT INTO SERVERLOGS VALUES('ccsmbstgr287',8.0E0,NULL,NULL,'true')
COMMIT
INSERT INTO SERVERLOGS VALUES('ccsmbstgr434',8.0E0,NULL,NULL,'true')
COMMIT
INSERT INTO SERVERLOGS VALUES('ccsmbstgr493',8.0E0,NULL,NULL,'true')
COMMIT
INSERT INTO SERVERLOGS VALUES('ccsmbstgr445',8.0E0,NULL,NULL,'true')
COMMIT
INSERT INTO SERVERLOGS VALUES('ccsmbstgr9',8.0E0,NULL,NULL,'true')
COMMIT
INSERT INTO SERVERLOGS VALUES('ccsmbstgr225',8.0E0,NULL,NULL,'true')
COMMIT
INSERT INTO SERVERLOGS VALUES('ccsmbstgr251',8.0E0,NULL,NULL,'true')
COMMIT
INSERT INTO SERVERLOGS VALUES('ccsmbstgr291',8.0E0,NULL,NULL,'true')
COMMIT
INSERT INTO SERVERLOGS VALUES('ccsmbstgr165',8.0E0,NULL,NULL,'true')
COMMIT
INSERT INTO SERVERLOGS VALUES('ccsmbstgr581',8.0E0,NULL,NULL,'true')
COMMIT
INSERT INTO SERVERLOGS VALUES('ccsmbstgr12',8.0E0,NULL,NULL,'true')
COMMIT
INSERT INTO SERVERLOGS VALUES('ccsmbstgr358',8.0E0,NULL,NULL,'true')
COMMIT
INSERT INTO SERVERLOGS VALUES('ccsmbstgr555',8.0E0,NULL,NULL,'true')
COMMIT
INSERT INTO SERVERLOGS VALUES('ccsmbstgr531',8.0E0,NULL,NULL,'true')
COMMIT
INSERT INTO SERVERLOGS VALUES('ccsmbstgr566',8.0E0,NULL,NULL,'true')
COMMIT
INSERT INTO SERVERLOGS VALUES('ccsmbstgr286',8.0E0,NULL,NULL,'true')
COMMIT
INSERT INTO SERVERLOGS VALUES('ccsmbstgr104',8.0E0,NULL,NULL,'true')
COMMIT
INSERT INTO SERVERLOGS VALUES('ccsmbstgr479',8.0E0,NULL,NULL,'true')
COMMIT
INSERT INTO SERVERLOGS VALUES('ccsmbstgr530',8.0E0,NULL,NULL,'true')
COMMIT
INSERT INTO SERVERLOGS VALUES('ccsmbstgr460',8.0E0,NULL,NULL,'true')
COMMIT
INSERT INTO SERVERLOGS VALUES('ccsmbstgr164',8.0E0,NULL,NULL,'true')
COMMIT
INSERT INTO SERVERLOGS VALUES('ccsmbstgr130',8.0E0,NULL,NULL,'true')
COMMIT
INSERT INTO SERVERLOGS VALUES('ccsmbstgr290',8.0E0,NULL,NULL,'true')
COMMIT
INSERT INTO SERVERLOGS VALUES('ccsmbstgr312',8.0E0,NULL,NULL,'true')
COMMIT
INSERT INTO SERVERLOGS VALUES('ccsmbstgr11',8.0E0,NULL,NULL,'true')
COMMIT
INSERT INTO SERVERLOGS VALUES('ccsmbstgr203',8.0E0,NULL,NULL,'true')
COMMIT
INSERT INTO SERVERLOGS VALUES('ccsmbstgr237',8.0E0,NULL,NULL,'true')
COMMIT
INSERT INTO SERVERLOGS VALUES('ccsmbstgr407',8.0E0,NULL,NULL,'true')
COMMIT
INSERT INTO SERVERLOGS VALUES('ccsmbstgr345',8.0E0,NULL,NULL,'true')
COMMIT
INSERT INTO SERVERLOGS VALUES('ccsmbstgr14',8.0E0,NULL,NULL,'true')
COMMIT
INSERT INTO SERVERLOGS VALUES('ccsmbstgr371',8.0E0,NULL,NULL,'true')
COMMIT
INSERT INTO SERVERLOGS VALUES('ccsmbstgr285',8.0E0,NULL,NULL,'true')
COMMIT
INSERT INTO SERVERLOGS VALUES('ccsmbstgr580',8.0E0,NULL,NULL,'true')
COMMIT
INSERT INTO SERVERLOGS VALUES('ccsmbstgr179',8.0E0,NULL,NULL,'true')
COMMIT
INSERT INTO SERVERLOGS VALUES('ccsmbstgr587',8.0E0,NULL,NULL,'true')
COMMIT
INSERT INTO SERVERLOGS VALUES('ccsmbstgr433',8.0E0,NULL,NULL,'true')
COMMIT
INSERT INTO SERVERLOGS VALUES('ccsmbstgr492',8.0E0,NULL,NULL,'true')
COMMIT
INSERT INTO SERVERLOGS VALUES('ccsmbstgr528',8.0E0,NULL,NULL,'true')
COMMIT
INSERT INTO SERVERLOGS VALUES('ccsmbstgr116',8.0E0,NULL,NULL,'true')
COMMIT
INSERT INTO SERVERLOGS VALUES('ccsmbstgr163',8.0E0,NULL,NULL,'true')
COMMIT
INSERT INTO SERVERLOGS VALUES('ccsmbstgr250',8.0E0,NULL,NULL,'true')
COMMIT
INSERT INTO SERVERLOGS VALUES('ccsmbstgr466',8.0E0,NULL,NULL,'true')
COMMIT
INSERT INTO SERVERLOGS VALUES('ccsmbstgr323',8.0E0,NULL,NULL,'true')
COMMIT
INSERT INTO SERVERLOGS VALUES('ccsmbstgr406',8.0E0,NULL,NULL,'true')
COMMIT
INSERT INTO SERVERLOGS VALUES('ccsmbstgr554',8.0E0,NULL,NULL,'true')
COMMIT
INSERT INTO SERVERLOGS VALUES('ccsmbstgr13',8.0E0,NULL,NULL,'true')
COMMIT
INSERT INTO SERVERLOGS VALUES('ccsmbstgr219',8.0E0,NULL,NULL,'true')
COMMIT
INSERT INTO SERVERLOGS VALUES('ccsmbstgr178',8.0E0,NULL,NULL,'true')
COMMIT
INSERT INTO SERVERLOGS VALUES('ccsmbstgr444',8.0E0,NULL,NULL,'true')
COMMIT
INSERT INTO SERVERLOGS VALUES('ccsmbstgr224',8.0E0,NULL,NULL,'true')
COMMIT
INSERT INTO SERVERLOGS VALUES('ccsmbstgr3',8.0E0,NULL,NULL,'true')
COMMIT
INSERT INTO SERVERLOGS VALUES('ccsmbstgr284',8.0E0,NULL,NULL,'true')
COMMIT
INSERT INTO SERVERLOGS VALUES('ccsmbstgr8',8.0E0,NULL,NULL,'true')
COMMIT
INSERT INTO SERVERLOGS VALUES('ccsmbstgr339',8.0E0,NULL,NULL,'true')
COMMIT
INSERT INTO SERVERLOGS VALUES('ccsmbstgr103',8.0E0,NULL,NULL,'true')
COMMIT
INSERT INTO SERVERLOGS VALUES('ccsmbstgr299',8.0E0,NULL,NULL,'true')
COMMIT
INSERT INTO SERVERLOGS VALUES('ccsmbstgr565',8.0E0,NULL,NULL,'true')
COMMIT
INSERT INTO SERVERLOGS VALUES('ccsmbstgr527',8.0E0,NULL,NULL,'true')
COMMIT
INSERT INTO SERVERLOGS VALUES('ccsmbstgr81',8.0E0,NULL,NULL,'true')
COMMIT
INSERT INTO SERVERLOGS VALUES('ccsmbstgr311',8.0E0,NULL,NULL,'true')
COMMIT
INSERT INTO SERVERLOGS VALUES('ccsmbstgr202',8.0E0,NULL,NULL,'true')
COMMIT
INSERT INTO SERVERLOGS VALUES('ccsmbstgr177',8.0E0,NULL,NULL,'true')
COMMIT
INSERT INTO SERVERLOGS VALUES('ccsmbstgr380',8.0E0,NULL,NULL,'true')
COMMIT
INSERT INTO SERVERLOGS VALUES('ccsmbstgr432',8.0E0,NULL,NULL,'true')
COMMIT
INSERT INTO SERVERLOGS VALUES('ccsmbstgr218',8.0E0,NULL,NULL,'true')
COMMIT
INSERT INTO SERVERLOGS VALUES('ccsmbstgr388',8.0E0,NULL,NULL,'true')
COMMIT
INSERT INTO SERVERLOGS VALUES('ccsmbstgr357',8.0E0,NULL,NULL,'true')
COMMIT
INSERT INTO SERVERLOGS VALUES('ccsmbstgr338',8.0E0,NULL,NULL,'true')
COMMIT
INSERT INTO SERVERLOGS VALUES('ccsmbstgr162',8.0E0,NULL,NULL,'true')
COMMIT
INSERT INTO SERVERLOGS VALUES('ccsmbstgr370',8.0E0,NULL,NULL,'true')
COMMIT
INSERT INTO SERVERLOGS VALUES('ccsmbstgr599',8.0E0,NULL,NULL,'true')
COMMIT
INSERT INTO SERVERLOGS VALUES('ccsmbstgr459',8.0E0,NULL,NULL,'true')
COMMIT
INSERT INTO SERVERLOGS VALUES('ccsmbstgr267',8.0E0,NULL,NULL,'true')
COMMIT
INSERT INTO SERVERLOGS VALUES('ccsmbstgr491',8.0E0,NULL,NULL,'true')
COMMIT
INSERT INTO SERVERLOGS VALUES('ccsmbstgr298',8.0E0,NULL,NULL,'true')
COMMIT
INSERT INTO SERVERLOGS VALUES('ccsmbstgr553',8.0E0,NULL,NULL,'true')
COMMIT
INSERT INTO SERVERLOGS VALUES('ccsmbstgr520',8.0E0,NULL,NULL,'true')
COMMIT
INSERT INTO SERVERLOGS VALUES('ccsmbstgr2',8.0E0,NULL,NULL,'true')
COMMIT
INSERT INTO SERVERLOGS VALUES('ccsmbstgr80',8.0E0,NULL,NULL,'true')
COMMIT
INSERT INTO SERVERLOGS VALUES('ccsmbstgr478',8.0E0,NULL,NULL,'true')
COMMIT
INSERT INTO SERVERLOGS VALUES('ccsmbstgr146',8.0E0,NULL,NULL,'true')
COMMIT
INSERT INTO SERVERLOGS VALUES('ccsmbstgr217',8.0E0,NULL,NULL,'true')
COMMIT
INSERT INTO SERVERLOGS VALUES('ccsmbstgr405',8.0E0,NULL,NULL,'true')
COMMIT
INSERT INTO SERVERLOGS VALUES('ccsmbstgr283',8.0E0,NULL,NULL,'true')
COMMIT
INSERT INTO SERVERLOGS VALUES('ccsmbstgr176',8.0E0,NULL,NULL,'true')
COMMIT
INSERT INTO SERVERLOGS VALUES('ccsmbstgr387',8.0E0,NULL,NULL,'true')
COMMIT
INSERT INTO SERVERLOGS VALUES('ccsmbstgr517',8.0E0,NULL,NULL,'true')
COMMIT
INSERT INTO SERVERLOGS VALUES('ccsmbstgr310',8.0E0,NULL,NULL,'true')
COMMIT
INSERT INTO SERVERLOGS VALUES('ccsmbstgr516',8.0E0,NULL,NULL,'true')
COMMIT
INSERT INTO SERVERLOGS VALUES('ccsmbstgr526',8.0E0,NULL,NULL,'true')
COMMIT
INSERT INTO SERVERLOGS VALUES('ccsmbstgr236',8.0E0,NULL,NULL,'true')
COMMIT
INSERT INTO SERVERLOGS VALUES('ccsmbstgr161',8.0E0,NULL,NULL,'true')
COMMIT
INSERT INTO SERVERLOGS VALUES('ccsmbstgr337',8.0E0,NULL,NULL,'true')
COMMIT
INSERT INTO SERVERLOGS VALUES('ccsmbstgr83',8.0E0,NULL,NULL,'true')
COMMIT
INSERT INTO SERVERLOGS VALUES('ccsmbstgr431',8.0E0,NULL,NULL,'true')
COMMIT
INSERT INTO SERVERLOGS VALUES('ccsmbstgr297',8.0E0,NULL,NULL,'true')
COMMIT
INSERT INTO SERVERLOGS VALUES('ccsmbstgr129',8.0E0,NULL,NULL,'true')
COMMIT
INSERT INTO SERVERLOGS VALUES('ccsmbstgr282',8.0E0,NULL,NULL,'true')
COMMIT
INSERT INTO SERVERLOGS VALUES('ccsmbstgr115',8.0E0,NULL,NULL,'true')
COMMIT
INSERT INTO SERVERLOGS VALUES('ccsmbstgr159',8.0E0,NULL,NULL,'true')
COMMIT
INSERT INTO SERVERLOGS VALUES('ccsmbstgr266',8.0E0,NULL,NULL,'true')
COMMIT
INSERT INTO SERVERLOGS VALUES('ccsmbstgr515',8.0E0,NULL,NULL,'true')
COMMIT
INSERT INTO SERVERLOGS VALUES('ccsmbstgr249',8.0E0,NULL,NULL,'true')
COMMIT
INSERT INTO SERVERLOGS VALUES('ccsmbstgr552',8.0E0,NULL,NULL,'true')
COMMIT
INSERT INTO SERVERLOGS VALUES('ccsmbstgr175',8.0E0,NULL,NULL,'true')
COMMIT
INSERT INTO SERVERLOGS VALUES('ccsmbstgr514',8.0E0,NULL,NULL,'true')
COMMIT
INSERT INTO SERVERLOGS VALUES('ccsmbstgr158',8.0E0,NULL,NULL,'true')
COMMIT
INSERT INTO SERVERLOGS VALUES('ccsmbstgr430',8.0E0,NULL,NULL,'true')
COMMIT
INSERT INTO SERVERLOGS VALUES('ccsmbstgr404',8.0E0,NULL,NULL,'true')
COMMIT
INSERT INTO SERVERLOGS VALUES('ccsmbstgr82',8.0E0,NULL,NULL,'true')
COMMIT
INSERT INTO SERVERLOGS VALUES('ccsmbstgr513',8.0E0,NULL,NULL,'true')
COMMIT
INSERT INTO SERVERLOGS VALUES('ccsmbstgr296',8.0E0,NULL,NULL,'true')
COMMIT
INSERT INTO SERVERLOGS VALUES('ccsmbstgr145',8.0E0,NULL,NULL,'true')
COMMIT
INSERT INTO SERVERLOGS VALUES('ccsmbstgr356',8.0E0,NULL,NULL,'true')
COMMIT
INSERT INTO SERVERLOGS VALUES('ccsmbstgr579',8.0E0,NULL,NULL,'true')
COMMIT
INSERT INTO SERVERLOGS VALUES('ccsmbstgr128',8.0E0,NULL,NULL,'true')
COMMIT
INSERT INTO SERVERLOGS VALUES('ccsmbstgr525',8.0E0,NULL,NULL,'true')
COMMIT
INSERT INTO SERVERLOGS VALUES('ccsmbstgr458',8.0E0,NULL,NULL,'true')
COMMIT
INSERT INTO SERVERLOGS VALUES('ccsmbstgr598',8.0E0,NULL,NULL,'true')
COMMIT
INSERT INTO SERVERLOGS VALUES('ccsmbstgr369',8.0E0,NULL,NULL,'true')
COMMIT
INSERT INTO SERVERLOGS VALUES('ccsmbstgr512',8.0E0,NULL,NULL,'true')
COMMIT
INSERT INTO SERVERLOGS VALUES('ccsmbstgr174',8.0E0,NULL,NULL,'true')
COMMIT
INSERT INTO SERVERLOGS VALUES('ccsmbstgr85',8.0E0,NULL,NULL,'true')
COMMIT
INSERT INTO SERVERLOGS VALUES('ccsmbstgr551',8.0E0,NULL,NULL,'true')
COMMIT
INSERT INTO SERVERLOGS VALUES('ccsmbstgr279',8.0E0,NULL,NULL,'true')
COMMIT
INSERT INTO SERVERLOGS VALUES('ccsmbstgr386',8.0E0,NULL,NULL,'true')
COMMIT
INSERT INTO SERVERLOGS VALUES('ccsmbstgr511',8.0E0,NULL,NULL,'true')
COMMIT
INSERT INTO SERVERLOGS VALUES('ccsmbstgr295',8.0E0,NULL,NULL,'true')
COMMIT
INSERT INTO SERVERLOGS VALUES('ccsmbstgr477',8.0E0,NULL,NULL,'true')
COMMIT
INSERT INTO SERVERLOGS VALUES('ccsmbstgr248',8.0E0,NULL,NULL,'true')
COMMIT
INSERT INTO SERVERLOGS VALUES('ccsmbstgr403',8.0E0,NULL,NULL,'true')
COMMIT
INSERT INTO SERVERLOGS VALUES('ccsmbstgr216',8.0E0,NULL,NULL,'true')
COMMIT
INSERT INTO SERVERLOGS VALUES('ccsmbstgr510',8.0E0,NULL,NULL,'true')
COMMIT
INSERT INTO SERVERLOGS VALUES('ccsmbstgr550',8.0E0,NULL,NULL,'true')
COMMIT
INSERT INTO SERVERLOGS VALUES('ccsmbstgr391',8.0E0,NULL,NULL,'true')
COMMIT
INSERT INTO SERVERLOGS VALUES('ccsmbstgr84',8.0E0,NULL,NULL,'true')
COMMIT
INSERT INTO SERVERLOGS VALUES('ccsmbstgr235',8.0E0,NULL,NULL,'true')
COMMIT
INSERT INTO SERVERLOGS VALUES('ccsmbstgr524',8.0E0,NULL,NULL,'true')
COMMIT
INSERT INTO SERVERLOGS VALUES('ccsmbstgr265',8.0E0,NULL,NULL,'true')
COMMIT
INSERT INTO SERVERLOGS VALUES('ccsmbstgr519',8.0E0,NULL,NULL,'true')
COMMIT
INSERT INTO SERVERLOGS VALUES('ccsmbstgr402',8.0E0,NULL,NULL,'true')
COMMIT
INSERT INTO SERVERLOGS VALUES('ccsmbstgr144',8.0E0,NULL,NULL,'true')
COMMIT
INSERT INTO SERVERLOGS VALUES('ccsmbstgr308',8.0E0,NULL,NULL,'true')
COMMIT
INSERT INTO SERVERLOGS VALUES('ccsmbstgr336',8.0E0,NULL,NULL,'true')
COMMIT
INSERT INTO SERVERLOGS VALUES('ccsmbstgr270',8.0E0,NULL,NULL,'true')
COMMIT
INSERT INTO SERVERLOGS VALUES('ccsmbstgr390',8.0E0,NULL,NULL,'true')
COMMIT
INSERT INTO SERVERLOGS VALUES('ccsmbstgr385',8.0E0,NULL,NULL,'true')
COMMIT
INSERT INTO SERVERLOGS VALUES('ccsmbstgr127',8.0E0,NULL,NULL,'true')
COMMIT
INSERT INTO SERVERLOGS VALUES('ccsmbstgr173',8.0E0,NULL,NULL,'true')
COMMIT
INSERT INTO SERVERLOGS VALUES('ccsmbstgr578',8.0E0,NULL,NULL,'true')
COMMIT
INSERT INTO SERVERLOGS VALUES('ccsmbstgr114',8.0E0,NULL,NULL,'true')
COMMIT
INSERT INTO SERVERLOGS VALUES('ccsmbstgr429',8.0E0,NULL,NULL,'true')
COMMIT
INSERT INTO SERVERLOGS VALUES('ccsmbstgr294',8.0E0,NULL,NULL,'true')
COMMIT
INSERT INTO SERVERLOGS VALUES('ccsmbstgr368',8.0E0,NULL,NULL,'true')
COMMIT
INSERT INTO SERVERLOGS VALUES('ccsmbstgr355',8.0E0,NULL,NULL,'true')
COMMIT
INSERT INTO SERVERLOGS VALUES('ccsmbstgr307',8.0E0,NULL,NULL,'true')
COMMIT
INSERT INTO SERVERLOGS VALUES('ccsmbstgr264',8.0E0,NULL,NULL,'true')
COMMIT
INSERT INTO SERVERLOGS VALUES('ccsmbstgr399',8.0E0,NULL,NULL,'true')
COMMIT
INSERT INTO SERVERLOGS VALUES('ccsmbstgr518',8.0E0,NULL,NULL,'true')
COMMIT
INSERT INTO SERVERLOGS VALUES('ccsmbstgr87',8.0E0,NULL,NULL,'true')
COMMIT
INSERT INTO SERVERLOGS VALUES('ccsmbstgr143',8.0E0,NULL,NULL,'true')
COMMIT
INSERT INTO SERVERLOGS VALUES('ccsmbstgr157',8.0E0,NULL,NULL,'true')
COMMIT
INSERT INTO SERVERLOGS VALUES('ccsmbstgr489',8.0E0,NULL,NULL,'true')
COMMIT
INSERT INTO SERVERLOGS VALUES('ccsmbstgr523',8.0E0,NULL,NULL,'true')
COMMIT
INSERT INTO SERVERLOGS VALUES('ccsmbstgr597',8.0E0,NULL,NULL,'true')
COMMIT
INSERT INTO SERVERLOGS VALUES('ccsmbstgr428',8.0E0,NULL,NULL,'true')
COMMIT
INSERT INTO SERVERLOGS VALUES('ccsmbstgr172',8.0E0,NULL,NULL,'true')
COMMIT
INSERT INTO SERVERLOGS VALUES('ccsmbstgr401',8.0E0,NULL,NULL,'true')
COMMIT
INSERT INTO SERVERLOGS VALUES('ccsmbstgr506',8.0E0,NULL,NULL,'true')
COMMIT
INSERT INTO SERVERLOGS VALUES('ccsmbstgr549',8.0E0,NULL,NULL,'true')
COMMIT
INSERT INTO SERVERLOGS VALUES('ccsmbstgr384',8.0E0,NULL,NULL,'true')
COMMIT
INSERT INTO SERVERLOGS VALUES('ccsmbstgr457',8.0E0,NULL,NULL,'true')
COMMIT
INSERT INTO SERVERLOGS VALUES('ccsmbstgr278',8.0E0,NULL,NULL,'true')
COMMIT
INSERT INTO SERVERLOGS VALUES('ccsmbstgr86',8.0E0,NULL,NULL,'true')
COMMIT
INSERT INTO SERVERLOGS VALUES('ccsmbstgr476',8.0E0,NULL,NULL,'true')
COMMIT
INSERT INTO SERVERLOGS VALUES('ccsmbstgr247',8.0E0,NULL,NULL,'true')
COMMIT
INSERT INTO SERVERLOGS VALUES('ccsmbstgr522',8.0E0,NULL,NULL,'true')
COMMIT
INSERT INTO SERVERLOGS VALUES('ccsmbstgr293',8.0E0,NULL,NULL,'true')
COMMIT
INSERT INTO SERVERLOGS VALUES('ccsmbstgr234',8.0E0,NULL,NULL,'true')
COMMIT
INSERT INTO SERVERLOGS VALUES('ccsmbstgr215',8.0E0,NULL,NULL,'true')
COMMIT
INSERT INTO SERVERLOGS VALUES('ccsmbstgr306',8.0E0,NULL,NULL,'true')
COMMIT
INSERT INTO SERVERLOGS VALUES('ccsmbstgr263',8.0E0,NULL,NULL,'true')
COMMIT
INSERT INTO SERVERLOGS VALUES('ccsmbstgr505',8.0E0,NULL,NULL,'true')
COMMIT
INSERT INTO SERVERLOGS VALUES('ccsmbstgr398',8.0E0,NULL,NULL,'true')
COMMIT
INSERT INTO SERVERLOGS VALUES('ccsmbstgr169',8.0E0,NULL,NULL,'true')
COMMIT
INSERT INTO SERVERLOGS VALUES('ccsmbstgr89',8.0E0,NULL,NULL,'true')
COMMIT
INSERT INTO SERVERLOGS VALUES('ccsmbstgr335',8.0E0,NULL,NULL,'true')
COMMIT
INSERT INTO SERVERLOGS VALUES('ccsmbstgr126',8.0E0,NULL,NULL,'true')
COMMIT
INSERT INTO SERVERLOGS VALUES('ccsmbstgr142',8.0E0,NULL,NULL,'true')
COMMIT
INSERT INTO SERVERLOGS VALUES('ccsmbstgr427',8.0E0,NULL,NULL,'true')
COMMIT
INSERT INTO SERVERLOGS VALUES('ccsmbstgr400',8.0E0,NULL,NULL,'true')
COMMIT
INSERT INTO SERVERLOGS VALUES('ccsmbstgr113',8.0E0,NULL,NULL,'true')
COMMIT
INSERT INTO SERVERLOGS VALUES('ccsmbstgr577',8.0E0,NULL,NULL,'true')
COMMIT
INSERT INTO SERVERLOGS VALUES('ccsmbstgr156',8.0E0,NULL,NULL,'true')
COMMIT
INSERT INTO SERVERLOGS VALUES('ccsmbstgr88',8.0E0,NULL,NULL,'true')
COMMIT
INSERT INTO SERVERLOGS VALUES('ccsmbstgr383',8.0E0,NULL,NULL,'true')
COMMIT
INSERT INTO SERVERLOGS VALUES('ccsmbstgr504',8.0E0,NULL,NULL,'true')
COMMIT
INSERT INTO SERVERLOGS VALUES('ccsmbstgr503',8.0E0,NULL,NULL,'true')
COMMIT
INSERT INTO SERVERLOGS VALUES('ccsmbstgr521',8.0E0,NULL,NULL,'true')
COMMIT
INSERT INTO SERVERLOGS VALUES('ccsmbstgr548',8.0E0,NULL,NULL,'true')
COMMIT
INSERT INTO SERVERLOGS VALUES('ccsmbstgr366',8.0E0,NULL,NULL,'true')
COMMIT
INSERT INTO SERVERLOGS VALUES('ccsmbstgr70',8.0E0,NULL,NULL,'true')
COMMIT
INSERT INTO SERVERLOGS VALUES('ccsmbstgr502',8.0E0,NULL,NULL,'true')
COMMIT
INSERT INTO SERVERLOGS VALUES('ccsmbstgr456',8.0E0,NULL,NULL,'true')
COMMIT
INSERT INTO SERVERLOGS VALUES('ccsmbstgr305',8.0E0,NULL,NULL,'true')
COMMIT
INSERT INTO SERVERLOGS VALUES('ccsmbstgr354',8.0E0,NULL,NULL,'true')
COMMIT
INSERT INTO SERVERLOGS VALUES('ccsmbstgr214',8.0E0,NULL,NULL,'true')
COMMIT
INSERT INTO SERVERLOGS VALUES('ccsmbstgr96',8.0E0,NULL,NULL,'true')
COMMIT
INSERT INTO SERVERLOGS VALUES('ccsmbstgr72',8.0E0,NULL,NULL,'true')
COMMIT
INSERT INTO SERVERLOGS VALUES('ccsmbstgr596',8.0E0,NULL,NULL,'true')
COMMIT
INSERT INTO SERVERLOGS VALUES('ccsmbstgr426',8.0E0,NULL,NULL,'true')
COMMIT
INSERT INTO SERVERLOGS VALUES('ccsmbstgr487',8.0E0,NULL,NULL,'true')
COMMIT
INSERT INTO SERVERLOGS VALUES('ccsmbstgr501',8.0E0,NULL,NULL,'true')
COMMIT
INSERT INTO SERVERLOGS VALUES('ccsmbstgr475',8.0E0,NULL,NULL,'true')
COMMIT
INSERT INTO SERVERLOGS VALUES('ccsmbstgr245',8.0E0,NULL,NULL,'true')
COMMIT
INSERT INTO SERVERLOGS VALUES('ccsmbstgr95',8.0E0,NULL,NULL,'true')
COMMIT
INSERT INTO SERVERLOGS VALUES('ccsmbstgr233',8.0E0,NULL,NULL,'true')
COMMIT
INSERT INTO SERVERLOGS VALUES('ccsmbstgr124',8.0E0,NULL,NULL,'true')
COMMIT
INSERT INTO SERVERLOGS VALUES('ccsmbstgr547',8.0E0,NULL,NULL,'true')
COMMIT
INSERT INTO SERVERLOGS VALUES('ccsmbstgr71',8.0E0,NULL,NULL,'true')
COMMIT
INSERT INTO SERVERLOGS VALUES('ccsmbstgr334',8.0E0,NULL,NULL,'true')
COMMIT
INSERT INTO SERVERLOGS VALUES('ccsmbstgr98',8.0E0,NULL,NULL,'true')
COMMIT
INSERT INTO SERVERLOGS VALUES('ccsmbstgr112',8.0E0,NULL,NULL,'true')
COMMIT
INSERT INTO SERVERLOGS VALUES('ccsmbstgr304',8.0E0,NULL,NULL,'true')
COMMIT
INSERT INTO SERVERLOGS VALUES('ccsmbstgr97',8.0E0,NULL,NULL,'true')
COMMIT
INSERT INTO SERVERLOGS VALUES('ccsmbstgr74',8.0E0,NULL,NULL,'true')
COMMIT
INSERT INTO SERVERLOGS VALUES('ccsmbstgr353',8.0E0,NULL,NULL,'true')
COMMIT
INSERT INTO SERVERLOGS VALUES('ccsmbstgr99',8.0E0,NULL,NULL,'true')
COMMIT
INSERT INTO SERVERLOGS VALUES('ccsmbstgr576',8.0E0,NULL,NULL,'true')
COMMIT
INSERT INTO SERVERLOGS VALUES('ccsmbstgr595',8.0E0,NULL,NULL,'true')
COMMIT
INSERT INTO SERVERLOGS VALUES('ccsmbstgr73',8.0E0,NULL,NULL,'true')
COMMIT
INSERT INTO SERVERLOGS VALUES('ccsmbstgr409',8.0E0,NULL,NULL,'true')
COMMIT
INSERT INTO SERVERLOGS VALUES('ccsmbstgr76',8.0E0,NULL,NULL,'true')
COMMIT
INSERT INTO SERVERLOGS VALUES('ccsmbstgr455',8.0E0,NULL,NULL,'true')
COMMIT
INSERT INTO SERVERLOGS VALUES('ccsmbstgr408',8.0E0,NULL,NULL,'true')
COMMIT
INSERT INTO SERVERLOGS VALUES('ccsmbstgr75',8.0E0,NULL,NULL,'true')
COMMIT
INSERT INTO SERVERLOGS VALUES('ccsmbstgr213',8.0E0,NULL,NULL,'true')
COMMIT
INSERT INTO SERVERLOGS VALUES('ccsmbstgr529',8.0E0,NULL,NULL,'true')
COMMIT
INSERT INTO SERVERLOGS VALUES('ccsmbstgr78',8.0E0,NULL,NULL,'true')
COMMIT
INSERT INTO SERVERLOGS VALUES('ccsmbstgr333',8.0E0,NULL,NULL,'true')
COMMIT
INSERT INTO SERVERLOGS VALUES('ccsmbstgr77',8.0E0,NULL,NULL,'true')
COMMIT
INSERT INTO SERVERLOGS VALUES('ccsmbstgr79',8.0E0,NULL,NULL,'true')
COMMIT
DISCONNECT
/*C34199*/DISCONNECT
/*C34201*/SET SCHEMA PUBLIC
CREATE TABLE IF NOT EXISTS PUBLIC.SERVERLOGS (\u000d\u000a  event_id  varchar(30) primary key,\u000d\u000a  event_duration DOUBLE,\u000d\u000a  type varchar(30),\u000d\u000a  host varchar(30),\u000d\u000a  alert varchar(6)\u000d\u000a  )
/*C34200*/SET SCHEMA PUBLIC
INSERT INTO SERVERLOGS VALUES('scsmbstgrc',8.0E0,NULL,NULL,'true')
COMMIT
INSERT INTO SERVERLOGS VALUES('scsmbstgra',5.0E0,'12345',NULL,'true')
COMMIT
INSERT INTO SERVERLOGS VALUES('scsmbstgrb',3.0E0,NULL,NULL,'false')
COMMIT
DISCONNECT
/*C34201*/DISCONNECT
/*C34203*/SET SCHEMA PUBLIC
CREATE TABLE IF NOT EXISTS PUBLIC.SERVERLOGS (\u000d\u000a  event_id  varchar(30) primary key,\u000d\u000a  event_duration DOUBLE,\u000d\u000a  type varchar(30),\u000d\u000a  host varchar(30),\u000d\u000a  alert varchar(6)\u000d\u000a  )
/*C34202*/SET SCHEMA PUBLIC
INSERT INTO SERVERLOGS VALUES('dcsmbstgr28',7.0E0,NULL,NULL,'true')
COMMIT
INSERT INTO SERVERLOGS VALUES('dcsmbstgr1',6.0E0,NULL,NULL,'true')
COMMIT
INSERT INTO SERVERLOGS VALUES('dcsmbstgr33',14.0E0,NULL,NULL,'true')
COMMIT
INSERT INTO SERVERLOGS VALUES('dcsmbstgr16',8.0E0,NULL,NULL,'true')
COMMIT
INSERT INTO SERVERLOGS VALUES('dcsmbstgr8',3.0E0,NULL,NULL,'false')
COMMIT
INSERT INTO SERVERLOGS VALUES('dcsmbstgr30',11.0E0,NULL,NULL,'true')
COMMIT
INSERT INTO SERVERLOGS VALUES('dcsmbstgr19',1.0E0,NULL,NULL,'false')
COMMIT
INSERT INTO SERVERLOGS VALUES('dcsmbstgr50',22.0E0,NULL,NULL,'true')
COMMIT
INSERT INTO SERVERLOGS VALUES('dcsmbstgr45',14.0E0,NULL,NULL,'true')
COMMIT
INSERT INTO SERVERLOGS VALUES('dcsmbstgr23',4.0E0,NULL,NULL,'false')
COMMIT
INSERT INTO SERVERLOGS VALUES('dcsmbstgr5',1.0E0,NULL,NULL,'false')
COMMIT
INSERT INTO SERVERLOGS VALUES('dcsmbstgr32',11.0E0,NULL,NULL,'true')
COMMIT
INSERT INTO SERVERLOGS VALUES('dcsmbstgr43',15.0E0,NULL,NULL,'true')
COMMIT
INSERT INTO SERVERLOGS VALUES('dcsmbstgr35',13.0E0,NULL,NULL,'true')
COMMIT
INSERT INTO SERVERLOGS VALUES('dcsmbstgr11',4.0E0,NULL,NULL,'false')
COMMIT
INSERT INTO SERVERLOGS VALUES('dcsmbstgr18',2.0E0,NULL,NULL,'false')
COMMIT
INSERT INTO SERVERLOGS VALUES('dcsmbstgr48',23.0E0,NULL,NULL,'true')
COMMIT
INSERT INTO SERVERLOGS VALUES('dcsmbstgr29',10.0E0,NULL,NULL,'true')
COMMIT
INSERT INTO SERVERLOGS VALUES('dcsmbstgr7',5.0E0,NULL,NULL,'true')
COMMIT
INSERT INTO SERVERLOGS VALUES('dcsmbstgr34',11.0E0,NULL,NULL,'true')
COMMIT
INSERT INTO SERVERLOGS VALUES('dcsmbstgr27',5.0E0,NULL,NULL,'true')
COMMIT
INSERT INTO SERVERLOGS VALUES('dcsmbstgr37',18.0E0,NULL,NULL,'true')
COMMIT
INSERT INTO SERVERLOGS VALUES('dcsmbstgr10',2.0E0,NULL,NULL,'false')
COMMIT
INSERT INTO SERVERLOGS VALUES('dcsmbstgr26',5.0E0,NULL,NULL,'true')
COMMIT
INSERT INTO SERVERLOGS VALUES('dcsmbstgr15',5.0E0,NULL,NULL,'true')
COMMIT
INSERT INTO SERVERLOGS VALUES('dcsmbstgr20',5.0E0,NULL,NULL,'true')
COMMIT
INSERT INTO SERVERLOGS VALUES('dcsmbstgr40',16.0E0,NULL,NULL,'true')
COMMIT
INSERT INTO SERVERLOGS VALUES('dcsmbstgr47',21.0E0,NULL,NULL,'true')
COMMIT
INSERT INTO SERVERLOGS VALUES('dcsmbstgr46',15.0E0,NULL,NULL,'true')
COMMIT
INSERT INTO SERVERLOGS VALUES('dcsmbstgr31',7.0E0,NULL,NULL,'true')
COMMIT
INSERT INTO SERVERLOGS VALUES('dcsmbstgr36',11.0E0,NULL,NULL,'true')
COMMIT
INSERT INTO SERVERLOGS VALUES('dcsmbstgr25',7.0E0,NULL,NULL,'true')
COMMIT
INSERT INTO SERVERLOGS VALUES('dcsmbstgr14',3.0E0,NULL,NULL,'false')
COMMIT
INSERT INTO SERVERLOGS VALUES('dcsmbstgr4',0.0E0,NULL,NULL,'false')
COMMIT
INSERT INTO SERVERLOGS VALUES('dcsmbstgr6',2.0E0,NULL,NULL,'false')
COMMIT
INSERT INTO SERVERLOGS VALUES('dcsmbstgr42',14.0E0,NULL,NULL,'true')
COMMIT
INSERT INTO SERVERLOGS VALUES('dcsmbstgr39',13.0E0,NULL,NULL,'true')
COMMIT
INSERT INTO SERVERLOGS VALUES('dcsmbstgr22',3.0E0,NULL,NULL,'false')
COMMIT
INSERT INTO SERVERLOGS VALUES('dcsmbstgr13',1.0E0,NULL,NULL,'false')
COMMIT
INSERT INTO SERVERLOGS VALUES('dcsmbstgr3',4.0E0,NULL,NULL,'false')
COMMIT
INSERT INTO SERVERLOGS VALUES('dcsmbstgr49',20.0E0,NULL,NULL,'true')
COMMIT
INSERT INTO SERVERLOGS VALUES('dcsmbstgr41',17.0E0,NULL,NULL,'true')
COMMIT
INSERT INTO SERVERLOGS VALUES('dcsmbstgr38',19.0E0,NULL,NULL,'true')
COMMIT
INSERT INTO SERVERLOGS VALUES('dcsmbstgr21',10.0E0,NULL,NULL,'true')
COMMIT
INSERT INTO SERVERLOGS VALUES('dcsmbstgr17',4.0E0,NULL,NULL,'false')
COMMIT
INSERT INTO SERVERLOGS VALUES('dcsmbstgr12',1.0E0,NULL,NULL,'false')
COMMIT
INSERT INTO SERVERLOGS VALUES('dcsmbstgr2',2.0E0,NULL,NULL,'false')
COMMIT
INSERT INTO SERVERLOGS VALUES('dcsmbstgr24',11.0E0,NULL,NULL,'true')
COMMIT
INSERT INTO SERVERLOGS VALUES('dcsmbstgr44',18.0E0,NULL,NULL,'true')
COMMIT
DISCONNECT
/*C34203*/DISCONNECT
/*C34205*/SET SCHEMA PUBLIC
CREATE TABLE IF NOT EXISTS PUBLIC.SERVERLOGS (\u000d\u000a  event_id  varchar(30) primary key,\u000d\u000a  event_duration DOUBLE,\u000d\u000a  type varchar(30),\u000d\u000a  host varchar(30),\u000d\u000a  alert varchar(6)\u000d\u000a  )
DISCONNECT
/*C34204*/SET SCHEMA PUBLIC
DISCONNECT
/*C34207*/SET SCHEMA PUBLIC
CREATE TABLE IF NOT EXISTS PUBLIC.SERVERLOGS (\u000d\u000a  event_id  varchar(30) primary key,\u000d\u000a  event_duration DOUBLE,\u000d\u000a  type varchar(30),\u000d\u000a  host varchar(30),\u000d\u000a  alert varchar(6)\u000d\u000a  )
DISCONNECT
/*C34206*/SET SCHEMA PUBLIC
DISCONNECT
